#
# There is insufficient memory for the Java Runtime Environment to continue.
# Native memory allocation (malloc) failed to allocate 1048576 bytes for AllocateHeap
# Possible reasons:
#   The system is out of physical RAM or swap space
#   The process is running with CompressedOops enabled, and the Java Heap may be blocking the growth of the native heap
# Possible solutions:
#   Reduce memory load on the system
#   Increase physical memory or swap space
#   Check if swap backing store is full
#   Decrease Java heap size (-Xmx/-Xms)
#   Decrease number of Java threads
#   Decrease Java thread stack sizes (-Xss)
#   Set larger code cache with -XX:ReservedCodeCacheSize=
#   JVM is running with Zero Based Compressed Oops mode in which the Java heap is
#     placed in the first 32GB address space. The Java Heap base address is the
#     maximum limit for the native heap growth. Please use -XX:HeapBaseMinAddress
#     to set the Java Heap base and to place the Java Heap above 32GB virtual address.
# This output file may be truncated or incomplete.
#
#  Out of Memory Error (c:/BuildAgent/work/5ff2f6c26000d570/src/hotspot/share/memory/allocation.cpp:46), pid=1372, tid=16112
#
# JRE version: OpenJDK Runtime Environment (11.0.6+8) (build 11.0.6+8-b520.43)
# Java VM: OpenJDK 64-Bit Server VM (11.0.6+8-b520.43, mixed mode, tiered, compressed oops, g1 gc, windows-amd64)
# No core dump will be written. Minidumps are not enabled by default on client versions of Windows
#

---------------  S U M M A R Y ------------

Command Line: -XX:TieredStopAtLevel=1 -Xverify:none -Dspring.output.ansi.enabled=always -Dcom.sun.management.jmxremote -Dspring.jmx.enabled=true -Dspring.liveBeansView.mbeanDomain -Dspring.application.admin.enabled=true -javaagent:C:\Program Files\JetBrains\IntelliJ IDEA 2018.3.5\lib\idea_rt.jar=60531:C:\Program Files\JetBrains\IntelliJ IDEA 2018.3.5\bin -Dfile.encoding=UTF-8 pl.project.ExchangeTradingTesterApplication

Host: Intel(R) Core(TM) i5-7300HQ CPU @ 2.50GHz, 4 cores, 15G,  Windows 10 , 64 bit Build 18362 (10.0.18362.1110)
Time: Fri Nov 27 01:05:44 2020 Central European Standard Time elapsed time: 1 seconds (0d 0h 0m 1s)

---------------  T H R E A D  ---------------

Current thread (0x00000214d4b1b000):  VMThread "VM Thread" [stack: 0x000000cbdf400000,0x000000cbdf500000] [id=16112]

Stack: [0x000000cbdf400000,0x000000cbdf500000]
[error occurred during error reporting (printing stack bounds), id 0xc0000005, EXCEPTION_ACCESS_VIOLATION (0xc0000005) at pc=0x00000214b9ee0dad]

Native frames: (J=compiled Java code, j=interpreted, Vv=VM code, C=native code)
V  [jvm.dll+0x5de31a]
V  [jvm.dll+0x710ae5]
V  [jvm.dll+0x712005]
V  [jvm.dll+0x712615]
V  [jvm.dll+0x7125cb]
V  [jvm.dll+0x5dd798]
V  [jvm.dll+0x5ddf08]
C  [ntdll.dll+0xa184f]
C  [ntdll.dll+0x6a889]
C  [ntdll.dll+0xa04be]
C  0x00000214b9ee0dad

VM_Operation (0x000000cbdeefc9f0): CollectForMetadataAllocation, mode: safepoint, requested by thread 0x00000214b5e20000


---------------  P R O C E S S  ---------------

Threads class SMR info:
_java_thread_list=0x00000214d6af7490, length=12, elements={
0x00000214b5e20000, 0x00000214d4b21000, 0x00000214d4b22000, 0x00000214d542e800,
0x00000214d542f800, 0x00000214d5432000, 0x00000214d5437000, 0x00000214d4ad5000,
0x00000214d5c4a800, 0x00000214d5c52800, 0x00000214d5d42800, 0x00000214d6b19800
}

Java Threads: ( => current thread )
  0x00000214b5e20000 JavaThread "main" [_thread_blocked, id=23472, stack(0x000000cbdee00000,0x000000cbdef00000)]
  0x00000214d4b21000 JavaThread "Reference Handler" daemon [_thread_blocked, id=11940, stack(0x000000cbdf500000,0x000000cbdf600000)]
  0x00000214d4b22000 JavaThread "Finalizer" daemon [_thread_blocked, id=22436, stack(0x000000cbdf600000,0x000000cbdf700000)]
  0x00000214d542e800 JavaThread "Signal Dispatcher" daemon [_thread_blocked, id=23480, stack(0x000000cbdf700000,0x000000cbdf800000)]
  0x00000214d542f800 JavaThread "Attach Listener" daemon [_thread_blocked, id=17896, stack(0x000000cbdf800000,0x000000cbdf900000)]
  0x00000214d5432000 JavaThread "C1 CompilerThread0" daemon [_thread_blocked, id=7444, stack(0x000000cbdf900000,0x000000cbdfa00000)]
  0x00000214d5437000 JavaThread "Sweeper thread" daemon [_thread_blocked, id=22640, stack(0x000000cbdfa00000,0x000000cbdfb00000)]
  0x00000214d4ad5000 JavaThread "Common-Cleaner" daemon [_thread_blocked, id=18728, stack(0x000000cbdfb00000,0x000000cbdfc00000)]
  0x00000214d5c4a800 JavaThread "Monitor Ctrl-Break" daemon [_thread_in_native, id=21704, stack(0x000000cbdfc00000,0x000000cbdfd00000)]
  0x00000214d5c52800 JavaThread "Service Thread" daemon [_thread_blocked, id=23140, stack(0x000000cbdfd00000,0x000000cbdfe00000)]
  0x00000214d5d42800 JavaThread "RMI TCP Accept-0" daemon [_thread_in_native, id=21044, stack(0x000000cbdfe00000,0x000000cbdff00000)]
  0x00000214d6b19800 JavaThread "background-preinit" [_thread_blocked, id=15356, stack(0x000000cbe0100000,0x000000cbe0200000)]

Other Threads:
=>0x00000214d4b1b000 VMThread "VM Thread" [stack: 0x000000cbdf400000,0x000000cbdf500000] [id=16112]
  0x00000214d5df9800 WatcherThread [stack: 0x000000cbdff00000,0x000000cbe0000000] [id=21208]
  0x00000214b5e3b800 GCTaskThread "GC Thread#0" [stack: 0x000000cbdef00000,0x000000cbdf000000] [id=12508]
  0x00000214d5e01000 GCTaskThread "GC Thread#1" [stack: 0x000000cbe0200000,0x000000cbe0300000] [id=19596]
  0x00000214d5dea000 GCTaskThread "GC Thread#2" [stack: 0x000000cbe0300000,0x000000cbe0400000] [id=20168]
  0x00000214d5deb000 GCTaskThread "GC Thread#3" [stack: 0x000000cbe0400000,0x000000cbe0500000] [id=10856]
  0x00000214b5e99800 ConcurrentGCThread "G1 Main Marker" [stack: 0x000000cbdf000000,0x000000cbdf100000] [id=19232]
  0x00000214b5e9a800 ConcurrentGCThread "G1 Conc#0" [stack: 0x000000cbdf100000,0x000000cbdf200000] [id=1084]
  0x00000214d4a00800 ConcurrentGCThread "G1 Refine#0" [stack: 0x000000cbdf200000,0x000000cbdf300000] [id=14972]
  0x00000214d565a800 ConcurrentGCThread "G1 Refine#1" [stack: 0x000000cbe0000000,0x000000cbe0100000] [id=13316]
  0x00000214d4a01800 ConcurrentGCThread "G1 Young RemSet Sampling" [stack: 0x000000cbdf300000,0x000000cbdf400000] [id=9500]

Threads with active compile tasks:

VM state:at safepoint (normal execution)

VM Mutex/Monitor currently owned by a thread:  ([mutex/lock_event])
[0x00000214b5e1c430] Threads_lock - owner thread: 0x00000214d4b1b000
[0x00000214b5e1c040] Heap_lock - owner thread: 0x00000214b5e20000

Heap address: 0x0000000701c00000, size: 4068 MB, Compressed Oops mode: Zero based, Oop shift amount: 3
Narrow klass base: 0x0000000800000000, Narrow klass shift: 0
Compressed class space size: 1073741824 Address: 0x0000000800000000

Heap:
 garbage-first heap   total 262144K, used 10896K [0x0000000701c00000, 0x0000000800000000)
  region size 1024K, 2 young (2048K), 2 survivors (2048K)
 Metaspace       used 15578K, capacity 15915K, committed 16000K, reserved 1071104K
  class space    used 1674K, capacity 1843K, committed 1920K, reserved 1048576K
Heap Regions: E=young(eden), S=young(survivor), O=old, HS=humongous(starts), HC=humongous(continues), CS=collection set, F=free, A=archive, TAMS=top-at-mark-start (previous, next)
|   0|0x0000000701c00000, 0x0000000701d00000, 0x0000000701d00000|100%|HS|  |TAMS 0x0000000701c00000, 0x0000000701d00000| Complete 
|   1|0x0000000701d00000, 0x0000000701e00000, 0x0000000701e00000|100%|HS|  |TAMS 0x0000000701d00000, 0x0000000701e00000| Complete 
|   2|0x0000000701e00000, 0x0000000701f00000, 0x0000000701f00000|100%| O|  |TAMS 0x0000000701e00000, 0x0000000701f00000| Untracked 
|   3|0x0000000701f00000, 0x0000000702000000, 0x0000000702000000|100%| O|  |TAMS 0x0000000701f00000, 0x0000000702000000| Untracked 
|   4|0x0000000702000000, 0x0000000702100000, 0x0000000702100000|100%| O|  |TAMS 0x0000000702000000, 0x0000000702100000| Untracked 
|   5|0x0000000702100000, 0x0000000702200000, 0x0000000702200000|100%| O|  |TAMS 0x0000000702100000, 0x0000000702200000| Untracked 
|   6|0x0000000702200000, 0x0000000702300000, 0x0000000702300000|100%| O|  |TAMS 0x0000000702200000, 0x0000000702300000| Untracked 
|   7|0x0000000702300000, 0x0000000702400000, 0x0000000702400000|100%| O|  |TAMS 0x0000000702300000, 0x0000000702400000| Untracked 
|   8|0x0000000702400000, 0x00000007024dd200, 0x0000000702500000| 86%| O|  |TAMS 0x0000000702400000, 0x00000007024dd200| Untracked 
|   9|0x0000000702500000, 0x0000000702500000, 0x0000000702600000|  0%| F|  |TAMS 0x0000000702500000, 0x0000000702500000| Untracked 
|  10|0x0000000702600000, 0x0000000702600000, 0x0000000702700000|  0%| F|  |TAMS 0x0000000702600000, 0x0000000702600000| Untracked 
|  11|0x0000000702700000, 0x0000000702700000, 0x0000000702800000|  0%| F|  |TAMS 0x0000000702700000, 0x0000000702700000| Untracked 
|  12|0x0000000702800000, 0x0000000702800000, 0x0000000702900000|  0%| F|  |TAMS 0x0000000702800000, 0x0000000702800000| Untracked 
|  13|0x0000000702900000, 0x0000000702900000, 0x0000000702a00000|  0%| F|  |TAMS 0x0000000702900000, 0x0000000702900000| Untracked 
|  14|0x0000000702a00000, 0x0000000702a00000, 0x0000000702b00000|  0%| F|  |TAMS 0x0000000702a00000, 0x0000000702a00000| Untracked 
|  15|0x0000000702b00000, 0x0000000702b00000, 0x0000000702c00000|  0%| F|  |TAMS 0x0000000702b00000, 0x0000000702b00000| Untracked 
|  16|0x0000000702c00000, 0x0000000702c00000, 0x0000000702d00000|  0%| F|  |TAMS 0x0000000702c00000, 0x0000000702c00000| Untracked 
|  17|0x0000000702d00000, 0x0000000702d00000, 0x0000000702e00000|  0%| F|  |TAMS 0x0000000702d00000, 0x0000000702d00000| Untracked 
|  18|0x0000000702e00000, 0x0000000702e00000, 0x0000000702f00000|  0%| F|  |TAMS 0x0000000702e00000, 0x0000000702e00000| Untracked 
|  19|0x0000000702f00000, 0x0000000702f00000, 0x0000000703000000|  0%| F|  |TAMS 0x0000000702f00000, 0x0000000702f00000| Untracked 
|  20|0x0000000703000000, 0x0000000703000000, 0x0000000703100000|  0%| F|  |TAMS 0x0000000703000000, 0x0000000703000000| Untracked 
|  21|0x0000000703100000, 0x0000000703100000, 0x0000000703200000|  0%| F|  |TAMS 0x0000000703100000, 0x0000000703100000| Untracked 
|  22|0x0000000703200000, 0x0000000703200000, 0x0000000703300000|  0%| F|  |TAMS 0x0000000703200000, 0x0000000703200000| Untracked 
|  23|0x0000000703300000, 0x0000000703300000, 0x0000000703400000|  0%| F|  |TAMS 0x0000000703300000, 0x0000000703300000| Untracked 
|  24|0x0000000703400000, 0x0000000703400000, 0x0000000703500000|  0%| F|  |TAMS 0x0000000703400000, 0x0000000703400000| Untracked 
|  25|0x0000000703500000, 0x0000000703500000, 0x0000000703600000|  0%| F|  |TAMS 0x0000000703500000, 0x0000000703500000| Untracked 
|  26|0x0000000703600000, 0x0000000703600000, 0x0000000703700000|  0%| F|  |TAMS 0x0000000703600000, 0x0000000703600000| Untracked 
|  27|0x0000000703700000, 0x0000000703700000, 0x0000000703800000|  0%| F|  |TAMS 0x0000000703700000, 0x0000000703700000| Untracked 
|  28|0x0000000703800000, 0x0000000703800000, 0x0000000703900000|  0%| F|  |TAMS 0x0000000703800000, 0x0000000703800000| Untracked 
|  29|0x0000000703900000, 0x0000000703900000, 0x0000000703a00000|  0%| F|  |TAMS 0x0000000703900000, 0x0000000703900000| Untracked 
|  30|0x0000000703a00000, 0x0000000703a00000, 0x0000000703b00000|  0%| F|  |TAMS 0x0000000703a00000, 0x0000000703a00000| Untracked 
|  31|0x0000000703b00000, 0x0000000703b00000, 0x0000000703c00000|  0%| F|  |TAMS 0x0000000703b00000, 0x0000000703b00000| Untracked 
|  32|0x0000000703c00000, 0x0000000703c00000, 0x0000000703d00000|  0%| F|  |TAMS 0x0000000703c00000, 0x0000000703c00000| Untracked 
|  33|0x0000000703d00000, 0x0000000703d00000, 0x0000000703e00000|  0%| F|  |TAMS 0x0000000703d00000, 0x0000000703d00000| Untracked 
|  34|0x0000000703e00000, 0x0000000703e00000, 0x0000000703f00000|  0%| F|  |TAMS 0x0000000703e00000, 0x0000000703e00000| Untracked 
|  35|0x0000000703f00000, 0x0000000703f00000, 0x0000000704000000|  0%| F|  |TAMS 0x0000000703f00000, 0x0000000703f00000| Untracked 
|  36|0x0000000704000000, 0x0000000704000000, 0x0000000704100000|  0%| F|  |TAMS 0x0000000704000000, 0x0000000704000000| Untracked 
|  37|0x0000000704100000, 0x0000000704100000, 0x0000000704200000|  0%| F|  |TAMS 0x0000000704100000, 0x0000000704100000| Untracked 
|  38|0x0000000704200000, 0x0000000704200000, 0x0000000704300000|  0%| F|  |TAMS 0x0000000704200000, 0x0000000704200000| Untracked 
|  39|0x0000000704300000, 0x0000000704300000, 0x0000000704400000|  0%| F|  |TAMS 0x0000000704300000, 0x0000000704300000| Untracked 
|  40|0x0000000704400000, 0x0000000704400000, 0x0000000704500000|  0%| F|  |TAMS 0x0000000704400000, 0x0000000704400000| Untracked 
|  41|0x0000000704500000, 0x0000000704500000, 0x0000000704600000|  0%| F|  |TAMS 0x0000000704500000, 0x0000000704500000| Untracked 
|  42|0x0000000704600000, 0x0000000704600000, 0x0000000704700000|  0%| F|  |TAMS 0x0000000704600000, 0x0000000704600000| Untracked 
|  43|0x0000000704700000, 0x0000000704700000, 0x0000000704800000|  0%| F|  |TAMS 0x0000000704700000, 0x0000000704700000| Untracked 
|  44|0x0000000704800000, 0x0000000704800000, 0x0000000704900000|  0%| F|  |TAMS 0x0000000704800000, 0x0000000704800000| Untracked 
|  45|0x0000000704900000, 0x0000000704900000, 0x0000000704a00000|  0%| F|  |TAMS 0x0000000704900000, 0x0000000704900000| Untracked 
|  46|0x0000000704a00000, 0x0000000704a00000, 0x0000000704b00000|  0%| F|  |TAMS 0x0000000704a00000, 0x0000000704a00000| Untracked 
|  47|0x0000000704b00000, 0x0000000704b00000, 0x0000000704c00000|  0%| F|  |TAMS 0x0000000704b00000, 0x0000000704b00000| Untracked 
|  48|0x0000000704c00000, 0x0000000704c00000, 0x0000000704d00000|  0%| F|  |TAMS 0x0000000704c00000, 0x0000000704c00000| Untracked 
|  49|0x0000000704d00000, 0x0000000704d00000, 0x0000000704e00000|  0%| F|  |TAMS 0x0000000704d00000, 0x0000000704d00000| Untracked 
|  50|0x0000000704e00000, 0x0000000704e00000, 0x0000000704f00000|  0%| F|  |TAMS 0x0000000704e00000, 0x0000000704e00000| Untracked 
|  51|0x0000000704f00000, 0x0000000704f00000, 0x0000000705000000|  0%| F|  |TAMS 0x0000000704f00000, 0x0000000704f00000| Untracked 
|  52|0x0000000705000000, 0x0000000705000000, 0x0000000705100000|  0%| F|  |TAMS 0x0000000705000000, 0x0000000705000000| Untracked 
|  53|0x0000000705100000, 0x0000000705100000, 0x0000000705200000|  0%| F|  |TAMS 0x0000000705100000, 0x0000000705100000| Untracked 
|  54|0x0000000705200000, 0x0000000705200000, 0x0000000705300000|  0%| F|  |TAMS 0x0000000705200000, 0x0000000705200000| Untracked 
|  55|0x0000000705300000, 0x0000000705300000, 0x0000000705400000|  0%| F|  |TAMS 0x0000000705300000, 0x0000000705300000| Untracked 
|  56|0x0000000705400000, 0x0000000705400000, 0x0000000705500000|  0%| F|  |TAMS 0x0000000705400000, 0x0000000705400000| Untracked 
|  57|0x0000000705500000, 0x0000000705500000, 0x0000000705600000|  0%| F|  |TAMS 0x0000000705500000, 0x0000000705500000| Untracked 
|  58|0x0000000705600000, 0x0000000705600000, 0x0000000705700000|  0%| F|  |TAMS 0x0000000705600000, 0x0000000705600000| Untracked 
|  59|0x0000000705700000, 0x0000000705700000, 0x0000000705800000|  0%| F|  |TAMS 0x0000000705700000, 0x0000000705700000| Untracked 
|  60|0x0000000705800000, 0x0000000705800000, 0x0000000705900000|  0%| F|  |TAMS 0x0000000705800000, 0x0000000705800000| Untracked 
|  61|0x0000000705900000, 0x0000000705900000, 0x0000000705a00000|  0%| F|  |TAMS 0x0000000705900000, 0x0000000705900000| Untracked 
|  62|0x0000000705a00000, 0x0000000705a00000, 0x0000000705b00000|  0%| F|  |TAMS 0x0000000705a00000, 0x0000000705a00000| Untracked 
|  63|0x0000000705b00000, 0x0000000705b00000, 0x0000000705c00000|  0%| F|  |TAMS 0x0000000705b00000, 0x0000000705b00000| Untracked 
|  64|0x0000000705c00000, 0x0000000705c00000, 0x0000000705d00000|  0%| F|  |TAMS 0x0000000705c00000, 0x0000000705c00000| Untracked 
|  65|0x0000000705d00000, 0x0000000705d00000, 0x0000000705e00000|  0%| F|  |TAMS 0x0000000705d00000, 0x0000000705d00000| Untracked 
|  66|0x0000000705e00000, 0x0000000705e00000, 0x0000000705f00000|  0%| F|  |TAMS 0x0000000705e00000, 0x0000000705e00000| Untracked 
|  67|0x0000000705f00000, 0x0000000705f00000, 0x0000000706000000|  0%| F|  |TAMS 0x0000000705f00000, 0x0000000705f00000| Untracked 
|  68|0x0000000706000000, 0x0000000706000000, 0x0000000706100000|  0%| F|  |TAMS 0x0000000706000000, 0x0000000706000000| Untracked 
|  69|0x0000000706100000, 0x0000000706100000, 0x0000000706200000|  0%| F|  |TAMS 0x0000000706100000, 0x0000000706100000| Untracked 
|  70|0x0000000706200000, 0x0000000706200000, 0x0000000706300000|  0%| F|  |TAMS 0x0000000706200000, 0x0000000706200000| Untracked 
|  71|0x0000000706300000, 0x0000000706300000, 0x0000000706400000|  0%| F|  |TAMS 0x0000000706300000, 0x0000000706300000| Untracked 
|  72|0x0000000706400000, 0x0000000706400000, 0x0000000706500000|  0%| F|  |TAMS 0x0000000706400000, 0x0000000706400000| Untracked 
|  73|0x0000000706500000, 0x0000000706500000, 0x0000000706600000|  0%| F|  |TAMS 0x0000000706500000, 0x0000000706500000| Untracked 
|  74|0x0000000706600000, 0x0000000706600000, 0x0000000706700000|  0%| F|  |TAMS 0x0000000706600000, 0x0000000706600000| Untracked 
|  75|0x0000000706700000, 0x0000000706700000, 0x0000000706800000|  0%| F|  |TAMS 0x0000000706700000, 0x0000000706700000| Untracked 
|  76|0x0000000706800000, 0x0000000706800000, 0x0000000706900000|  0%| F|  |TAMS 0x0000000706800000, 0x0000000706800000| Untracked 
|  77|0x0000000706900000, 0x0000000706900000, 0x0000000706a00000|  0%| F|  |TAMS 0x0000000706900000, 0x0000000706900000| Untracked 
|  78|0x0000000706a00000, 0x0000000706a00000, 0x0000000706b00000|  0%| F|  |TAMS 0x0000000706a00000, 0x0000000706a00000| Untracked 
|  79|0x0000000706b00000, 0x0000000706b00000, 0x0000000706c00000|  0%| F|  |TAMS 0x0000000706b00000, 0x0000000706b00000| Untracked 
|  80|0x0000000706c00000, 0x0000000706c00000, 0x0000000706d00000|  0%| F|  |TAMS 0x0000000706c00000, 0x0000000706c00000| Untracked 
|  81|0x0000000706d00000, 0x0000000706d00000, 0x0000000706e00000|  0%| F|  |TAMS 0x0000000706d00000, 0x0000000706d00000| Untracked 
|  82|0x0000000706e00000, 0x0000000706e00000, 0x0000000706f00000|  0%| F|  |TAMS 0x0000000706e00000, 0x0000000706e00000| Untracked 
|  83|0x0000000706f00000, 0x0000000706f00000, 0x0000000707000000|  0%| F|  |TAMS 0x0000000706f00000, 0x0000000706f00000| Untracked 
|  84|0x0000000707000000, 0x0000000707000000, 0x0000000707100000|  0%| F|  |TAMS 0x0000000707000000, 0x0000000707000000| Untracked 
|  85|0x0000000707100000, 0x0000000707100000, 0x0000000707200000|  0%| F|  |TAMS 0x0000000707100000, 0x0000000707100000| Untracked 
|  86|0x0000000707200000, 0x0000000707200000, 0x0000000707300000|  0%| F|  |TAMS 0x0000000707200000, 0x0000000707200000| Untracked 
|  87|0x0000000707300000, 0x0000000707300000, 0x0000000707400000|  0%| F|  |TAMS 0x0000000707300000, 0x0000000707300000| Untracked 
|  88|0x0000000707400000, 0x0000000707400000, 0x0000000707500000|  0%| F|  |TAMS 0x0000000707400000, 0x0000000707400000| Untracked 
|  89|0x0000000707500000, 0x0000000707500000, 0x0000000707600000|  0%| F|  |TAMS 0x0000000707500000, 0x0000000707500000| Untracked 
|  90|0x0000000707600000, 0x0000000707600000, 0x0000000707700000|  0%| F|  |TAMS 0x0000000707600000, 0x0000000707600000| Untracked 
|  91|0x0000000707700000, 0x0000000707700000, 0x0000000707800000|  0%| F|  |TAMS 0x0000000707700000, 0x0000000707700000| Untracked 
|  92|0x0000000707800000, 0x0000000707800000, 0x0000000707900000|  0%| F|  |TAMS 0x0000000707800000, 0x0000000707800000| Untracked 
|  93|0x0000000707900000, 0x0000000707900000, 0x0000000707a00000|  0%| F|  |TAMS 0x0000000707900000, 0x0000000707900000| Untracked 
|  94|0x0000000707a00000, 0x0000000707a00000, 0x0000000707b00000|  0%| F|  |TAMS 0x0000000707a00000, 0x0000000707a00000| Untracked 
|  95|0x0000000707b00000, 0x0000000707b00000, 0x0000000707c00000|  0%| F|  |TAMS 0x0000000707b00000, 0x0000000707b00000| Untracked 
|  96|0x0000000707c00000, 0x0000000707c00000, 0x0000000707d00000|  0%| F|  |TAMS 0x0000000707c00000, 0x0000000707c00000| Untracked 
|  97|0x0000000707d00000, 0x0000000707d00000, 0x0000000707e00000|  0%| F|  |TAMS 0x0000000707d00000, 0x0000000707d00000| Untracked 
|  98|0x0000000707e00000, 0x0000000707e00000, 0x0000000707f00000|  0%| F|  |TAMS 0x0000000707e00000, 0x0000000707e00000| Untracked 
|  99|0x0000000707f00000, 0x0000000707f00000, 0x0000000708000000|  0%| F|  |TAMS 0x0000000707f00000, 0x0000000707f00000| Untracked 
| 100|0x0000000708000000, 0x0000000708000000, 0x0000000708100000|  0%| F|  |TAMS 0x0000000708000000, 0x0000000708000000| Untracked 
| 101|0x0000000708100000, 0x0000000708100000, 0x0000000708200000|  0%| F|  |TAMS 0x0000000708100000, 0x0000000708100000| Untracked 
| 102|0x0000000708200000, 0x0000000708200000, 0x0000000708300000|  0%| F|  |TAMS 0x0000000708200000, 0x0000000708200000| Untracked 
| 103|0x0000000708300000, 0x0000000708300000, 0x0000000708400000|  0%| F|  |TAMS 0x0000000708300000, 0x0000000708300000| Untracked 
| 104|0x0000000708400000, 0x0000000708400000, 0x0000000708500000|  0%| F|  |TAMS 0x0000000708400000, 0x0000000708400000| Untracked 
| 105|0x0000000708500000, 0x0000000708500000, 0x0000000708600000|  0%| F|  |TAMS 0x0000000708500000, 0x0000000708500000| Untracked 
| 106|0x0000000708600000, 0x0000000708600000, 0x0000000708700000|  0%| F|  |TAMS 0x0000000708600000, 0x0000000708600000| Untracked 
| 107|0x0000000708700000, 0x0000000708700000, 0x0000000708800000|  0%| F|  |TAMS 0x0000000708700000, 0x0000000708700000| Untracked 
| 108|0x0000000708800000, 0x0000000708800000, 0x0000000708900000|  0%| F|  |TAMS 0x0000000708800000, 0x0000000708800000| Untracked 
| 109|0x0000000708900000, 0x0000000708900000, 0x0000000708a00000|  0%| F|  |TAMS 0x0000000708900000, 0x0000000708900000| Untracked 
| 110|0x0000000708a00000, 0x0000000708a00000, 0x0000000708b00000|  0%| F|  |TAMS 0x0000000708a00000, 0x0000000708a00000| Untracked 
| 111|0x0000000708b00000, 0x0000000708b00000, 0x0000000708c00000|  0%| F|  |TAMS 0x0000000708b00000, 0x0000000708b00000| Untracked 
| 112|0x0000000708c00000, 0x0000000708c00000, 0x0000000708d00000|  0%| F|  |TAMS 0x0000000708c00000, 0x0000000708c00000| Untracked 
| 113|0x0000000708d00000, 0x0000000708d00000, 0x0000000708e00000|  0%| F|  |TAMS 0x0000000708d00000, 0x0000000708d00000| Untracked 
| 114|0x0000000708e00000, 0x0000000708e00000, 0x0000000708f00000|  0%| F|  |TAMS 0x0000000708e00000, 0x0000000708e00000| Untracked 
| 115|0x0000000708f00000, 0x0000000708f00000, 0x0000000709000000|  0%| F|  |TAMS 0x0000000708f00000, 0x0000000708f00000| Untracked 
| 116|0x0000000709000000, 0x0000000709000000, 0x0000000709100000|  0%| F|  |TAMS 0x0000000709000000, 0x0000000709000000| Untracked 
| 117|0x0000000709100000, 0x0000000709100000, 0x0000000709200000|  0%| F|  |TAMS 0x0000000709100000, 0x0000000709100000| Untracked 
| 118|0x0000000709200000, 0x0000000709200000, 0x0000000709300000|  0%| F|  |TAMS 0x0000000709200000, 0x0000000709200000| Untracked 
| 119|0x0000000709300000, 0x0000000709300000, 0x0000000709400000|  0%| F|  |TAMS 0x0000000709300000, 0x0000000709300000| Untracked 
| 120|0x0000000709400000, 0x0000000709400000, 0x0000000709500000|  0%| F|  |TAMS 0x0000000709400000, 0x0000000709400000| Untracked 
| 121|0x0000000709500000, 0x0000000709500000, 0x0000000709600000|  0%| F|  |TAMS 0x0000000709500000, 0x0000000709500000| Untracked 
| 122|0x0000000709600000, 0x0000000709600000, 0x0000000709700000|  0%| F|  |TAMS 0x0000000709600000, 0x0000000709600000| Untracked 
| 123|0x0000000709700000, 0x0000000709700000, 0x0000000709800000|  0%| F|  |TAMS 0x0000000709700000, 0x0000000709700000| Untracked 
| 124|0x0000000709800000, 0x0000000709800000, 0x0000000709900000|  0%| F|  |TAMS 0x0000000709800000, 0x0000000709800000| Untracked 
| 125|0x0000000709900000, 0x0000000709900000, 0x0000000709a00000|  0%| F|  |TAMS 0x0000000709900000, 0x0000000709900000| Untracked 
| 126|0x0000000709a00000, 0x0000000709a00000, 0x0000000709b00000|  0%| F|  |TAMS 0x0000000709a00000, 0x0000000709a00000| Untracked 
| 127|0x0000000709b00000, 0x0000000709b00000, 0x0000000709c00000|  0%| F|  |TAMS 0x0000000709b00000, 0x0000000709b00000| Untracked 
| 128|0x0000000709c00000, 0x0000000709c00000, 0x0000000709d00000|  0%| F|  |TAMS 0x0000000709c00000, 0x0000000709c00000| Untracked 
| 129|0x0000000709d00000, 0x0000000709d00000, 0x0000000709e00000|  0%| F|  |TAMS 0x0000000709d00000, 0x0000000709d00000| Untracked 
| 130|0x0000000709e00000, 0x0000000709e00000, 0x0000000709f00000|  0%| F|  |TAMS 0x0000000709e00000, 0x0000000709e00000| Untracked 
| 131|0x0000000709f00000, 0x0000000709f00000, 0x000000070a000000|  0%| F|  |TAMS 0x0000000709f00000, 0x0000000709f00000| Untracked 
| 132|0x000000070a000000, 0x000000070a000000, 0x000000070a100000|  0%| F|  |TAMS 0x000000070a000000, 0x000000070a000000| Untracked 
| 133|0x000000070a100000, 0x000000070a100000, 0x000000070a200000|  0%| F|  |TAMS 0x000000070a100000, 0x000000070a100000| Untracked 
| 134|0x000000070a200000, 0x000000070a200000, 0x000000070a300000|  0%| F|  |TAMS 0x000000070a200000, 0x000000070a200000| Untracked 
| 135|0x000000070a300000, 0x000000070a300000, 0x000000070a400000|  0%| F|  |TAMS 0x000000070a300000, 0x000000070a300000| Untracked 
| 136|0x000000070a400000, 0x000000070a400000, 0x000000070a500000|  0%| F|  |TAMS 0x000000070a400000, 0x000000070a400000| Untracked 
| 137|0x000000070a500000, 0x000000070a500000, 0x000000070a600000|  0%| F|  |TAMS 0x000000070a500000, 0x000000070a500000| Untracked 
| 138|0x000000070a600000, 0x000000070a600000, 0x000000070a700000|  0%| F|  |TAMS 0x000000070a600000, 0x000000070a600000| Untracked 
| 139|0x000000070a700000, 0x000000070a700000, 0x000000070a800000|  0%| F|  |TAMS 0x000000070a700000, 0x000000070a700000| Untracked 
| 140|0x000000070a800000, 0x000000070a800000, 0x000000070a900000|  0%| F|  |TAMS 0x000000070a800000, 0x000000070a800000| Untracked 
| 141|0x000000070a900000, 0x000000070a900000, 0x000000070aa00000|  0%| F|  |TAMS 0x000000070a900000, 0x000000070a900000| Untracked 
| 142|0x000000070aa00000, 0x000000070aa00000, 0x000000070ab00000|  0%| F|  |TAMS 0x000000070aa00000, 0x000000070aa00000| Untracked 
| 143|0x000000070ab00000, 0x000000070ab00000, 0x000000070ac00000|  0%| F|  |TAMS 0x000000070ab00000, 0x000000070ab00000| Untracked 
| 144|0x000000070ac00000, 0x000000070ac00000, 0x000000070ad00000|  0%| F|  |TAMS 0x000000070ac00000, 0x000000070ac00000| Untracked 
| 145|0x000000070ad00000, 0x000000070ad00000, 0x000000070ae00000|  0%| F|  |TAMS 0x000000070ad00000, 0x000000070ad00000| Untracked 
| 146|0x000000070ae00000, 0x000000070ae00000, 0x000000070af00000|  0%| F|  |TAMS 0x000000070ae00000, 0x000000070ae00000| Untracked 
| 147|0x000000070af00000, 0x000000070af00000, 0x000000070b000000|  0%| F|  |TAMS 0x000000070af00000, 0x000000070af00000| Untracked 
| 148|0x000000070b000000, 0x000000070b000000, 0x000000070b100000|  0%| F|  |TAMS 0x000000070b000000, 0x000000070b000000| Untracked 
| 149|0x000000070b100000, 0x000000070b100000, 0x000000070b200000|  0%| F|  |TAMS 0x000000070b100000, 0x000000070b100000| Untracked 
| 150|0x000000070b200000, 0x000000070b200000, 0x000000070b300000|  0%| F|  |TAMS 0x000000070b200000, 0x000000070b200000| Untracked 
| 151|0x000000070b300000, 0x000000070b300000, 0x000000070b400000|  0%| F|  |TAMS 0x000000070b300000, 0x000000070b300000| Untracked 
| 152|0x000000070b400000, 0x000000070b400000, 0x000000070b500000|  0%| F|  |TAMS 0x000000070b400000, 0x000000070b400000| Untracked 
| 153|0x000000070b500000, 0x000000070b500000, 0x000000070b600000|  0%| F|  |TAMS 0x000000070b500000, 0x000000070b500000| Untracked 
| 154|0x000000070b600000, 0x000000070b600000, 0x000000070b700000|  0%| F|  |TAMS 0x000000070b600000, 0x000000070b600000| Untracked 
| 155|0x000000070b700000, 0x000000070b700000, 0x000000070b800000|  0%| F|  |TAMS 0x000000070b700000, 0x000000070b700000| Untracked 
| 156|0x000000070b800000, 0x000000070b800000, 0x000000070b900000|  0%| F|  |TAMS 0x000000070b800000, 0x000000070b800000| Untracked 
| 157|0x000000070b900000, 0x000000070b900000, 0x000000070ba00000|  0%| F|  |TAMS 0x000000070b900000, 0x000000070b900000| Untracked 
| 158|0x000000070ba00000, 0x000000070ba00000, 0x000000070bb00000|  0%| F|  |TAMS 0x000000070ba00000, 0x000000070ba00000| Untracked 
| 159|0x000000070bb00000, 0x000000070bb00000, 0x000000070bc00000|  0%| F|  |TAMS 0x000000070bb00000, 0x000000070bb00000| Untracked 
| 160|0x000000070bc00000, 0x000000070bc00000, 0x000000070bd00000|  0%| F|  |TAMS 0x000000070bc00000, 0x000000070bc00000| Untracked 
| 161|0x000000070bd00000, 0x000000070bd00000, 0x000000070be00000|  0%| F|  |TAMS 0x000000070bd00000, 0x000000070bd00000| Untracked 
| 162|0x000000070be00000, 0x000000070be00000, 0x000000070bf00000|  0%| F|  |TAMS 0x000000070be00000, 0x000000070be00000| Untracked 
| 163|0x000000070bf00000, 0x000000070bf00000, 0x000000070c000000|  0%| F|  |TAMS 0x000000070bf00000, 0x000000070bf00000| Untracked 
| 164|0x000000070c000000, 0x000000070c000000, 0x000000070c100000|  0%| F|  |TAMS 0x000000070c000000, 0x000000070c000000| Untracked 
| 165|0x000000070c100000, 0x000000070c100000, 0x000000070c200000|  0%| F|  |TAMS 0x000000070c100000, 0x000000070c100000| Untracked 
| 166|0x000000070c200000, 0x000000070c200000, 0x000000070c300000|  0%| F|  |TAMS 0x000000070c200000, 0x000000070c200000| Untracked 
| 167|0x000000070c300000, 0x000000070c300000, 0x000000070c400000|  0%| F|  |TAMS 0x000000070c300000, 0x000000070c300000| Untracked 
| 168|0x000000070c400000, 0x000000070c400000, 0x000000070c500000|  0%| F|  |TAMS 0x000000070c400000, 0x000000070c400000| Untracked 
| 169|0x000000070c500000, 0x000000070c500000, 0x000000070c600000|  0%| F|  |TAMS 0x000000070c500000, 0x000000070c500000| Untracked 
| 170|0x000000070c600000, 0x000000070c600000, 0x000000070c700000|  0%| F|  |TAMS 0x000000070c600000, 0x000000070c600000| Untracked 
| 171|0x000000070c700000, 0x000000070c700000, 0x000000070c800000|  0%| F|  |TAMS 0x000000070c700000, 0x000000070c700000| Untracked 
| 172|0x000000070c800000, 0x000000070c800000, 0x000000070c900000|  0%| F|  |TAMS 0x000000070c800000, 0x000000070c800000| Untracked 
| 173|0x000000070c900000, 0x000000070c900000, 0x000000070ca00000|  0%| F|  |TAMS 0x000000070c900000, 0x000000070c900000| Untracked 
| 174|0x000000070ca00000, 0x000000070ca00000, 0x000000070cb00000|  0%| F|  |TAMS 0x000000070ca00000, 0x000000070ca00000| Untracked 
| 175|0x000000070cb00000, 0x000000070cb00000, 0x000000070cc00000|  0%| F|  |TAMS 0x000000070cb00000, 0x000000070cb00000| Untracked 
| 176|0x000000070cc00000, 0x000000070cc00000, 0x000000070cd00000|  0%| F|  |TAMS 0x000000070cc00000, 0x000000070cc00000| Untracked 
| 177|0x000000070cd00000, 0x000000070cd00000, 0x000000070ce00000|  0%| F|  |TAMS 0x000000070cd00000, 0x000000070cd00000| Untracked 
| 178|0x000000070ce00000, 0x000000070ce00000, 0x000000070cf00000|  0%| F|  |TAMS 0x000000070ce00000, 0x000000070ce00000| Untracked 
| 179|0x000000070cf00000, 0x000000070cf00000, 0x000000070d000000|  0%| F|  |TAMS 0x000000070cf00000, 0x000000070cf00000| Untracked 
| 180|0x000000070d000000, 0x000000070d000000, 0x000000070d100000|  0%| F|  |TAMS 0x000000070d000000, 0x000000070d000000| Untracked 
| 181|0x000000070d100000, 0x000000070d100000, 0x000000070d200000|  0%| F|  |TAMS 0x000000070d100000, 0x000000070d100000| Untracked 
| 182|0x000000070d200000, 0x000000070d200000, 0x000000070d300000|  0%| F|  |TAMS 0x000000070d200000, 0x000000070d200000| Untracked 
| 183|0x000000070d300000, 0x000000070d300000, 0x000000070d400000|  0%| F|  |TAMS 0x000000070d300000, 0x000000070d300000| Untracked 
| 184|0x000000070d400000, 0x000000070d400000, 0x000000070d500000|  0%| F|  |TAMS 0x000000070d400000, 0x000000070d400000| Untracked 
| 185|0x000000070d500000, 0x000000070d500000, 0x000000070d600000|  0%| F|  |TAMS 0x000000070d500000, 0x000000070d500000| Untracked 
| 186|0x000000070d600000, 0x000000070d600000, 0x000000070d700000|  0%| F|  |TAMS 0x000000070d600000, 0x000000070d600000| Untracked 
| 187|0x000000070d700000, 0x000000070d700000, 0x000000070d800000|  0%| F|  |TAMS 0x000000070d700000, 0x000000070d700000| Untracked 
| 188|0x000000070d800000, 0x000000070d800000, 0x000000070d900000|  0%| F|  |TAMS 0x000000070d800000, 0x000000070d800000| Untracked 
| 189|0x000000070d900000, 0x000000070d900000, 0x000000070da00000|  0%| F|  |TAMS 0x000000070d900000, 0x000000070d900000| Untracked 
| 190|0x000000070da00000, 0x000000070da00000, 0x000000070db00000|  0%| F|  |TAMS 0x000000070da00000, 0x000000070da00000| Untracked 
| 191|0x000000070db00000, 0x000000070db00000, 0x000000070dc00000|  0%| F|  |TAMS 0x000000070db00000, 0x000000070db00000| Untracked 
| 192|0x000000070dc00000, 0x000000070dc00000, 0x000000070dd00000|  0%| F|  |TAMS 0x000000070dc00000, 0x000000070dc00000| Untracked 
| 193|0x000000070dd00000, 0x000000070dd00000, 0x000000070de00000|  0%| F|  |TAMS 0x000000070dd00000, 0x000000070dd00000| Untracked 
| 194|0x000000070de00000, 0x000000070de00000, 0x000000070df00000|  0%| F|  |TAMS 0x000000070de00000, 0x000000070de00000| Untracked 
| 195|0x000000070df00000, 0x000000070df00000, 0x000000070e000000|  0%| F|  |TAMS 0x000000070df00000, 0x000000070df00000| Untracked 
| 196|0x000000070e000000, 0x000000070e000000, 0x000000070e100000|  0%| F|  |TAMS 0x000000070e000000, 0x000000070e000000| Untracked 
| 197|0x000000070e100000, 0x000000070e100000, 0x000000070e200000|  0%| F|  |TAMS 0x000000070e100000, 0x000000070e100000| Untracked 
| 198|0x000000070e200000, 0x000000070e200000, 0x000000070e300000|  0%| F|  |TAMS 0x000000070e200000, 0x000000070e200000| Untracked 
| 199|0x000000070e300000, 0x000000070e300000, 0x000000070e400000|  0%| F|  |TAMS 0x000000070e300000, 0x000000070e300000| Untracked 
| 200|0x000000070e400000, 0x000000070e400000, 0x000000070e500000|  0%| F|  |TAMS 0x000000070e400000, 0x000000070e400000| Untracked 
| 201|0x000000070e500000, 0x000000070e500000, 0x000000070e600000|  0%| F|  |TAMS 0x000000070e500000, 0x000000070e500000| Untracked 
| 202|0x000000070e600000, 0x000000070e600000, 0x000000070e700000|  0%| F|  |TAMS 0x000000070e600000, 0x000000070e600000| Untracked 
| 203|0x000000070e700000, 0x000000070e700000, 0x000000070e800000|  0%| F|  |TAMS 0x000000070e700000, 0x000000070e700000| Untracked 
| 204|0x000000070e800000, 0x000000070e800000, 0x000000070e900000|  0%| F|  |TAMS 0x000000070e800000, 0x000000070e800000| Untracked 
| 205|0x000000070e900000, 0x000000070e900000, 0x000000070ea00000|  0%| F|  |TAMS 0x000000070e900000, 0x000000070e900000| Untracked 
| 206|0x000000070ea00000, 0x000000070ea00000, 0x000000070eb00000|  0%| F|  |TAMS 0x000000070ea00000, 0x000000070ea00000| Untracked 
| 207|0x000000070eb00000, 0x000000070eb00000, 0x000000070ec00000|  0%| F|  |TAMS 0x000000070eb00000, 0x000000070eb00000| Untracked 
| 208|0x000000070ec00000, 0x000000070ec00000, 0x000000070ed00000|  0%| F|  |TAMS 0x000000070ec00000, 0x000000070ec00000| Untracked 
| 209|0x000000070ed00000, 0x000000070ed00000, 0x000000070ee00000|  0%| F|  |TAMS 0x000000070ed00000, 0x000000070ed00000| Untracked 
| 210|0x000000070ee00000, 0x000000070ee00000, 0x000000070ef00000|  0%| F|  |TAMS 0x000000070ee00000, 0x000000070ee00000| Untracked 
| 211|0x000000070ef00000, 0x000000070ef00000, 0x000000070f000000|  0%| F|  |TAMS 0x000000070ef00000, 0x000000070ef00000| Untracked 
| 212|0x000000070f000000, 0x000000070f000000, 0x000000070f100000|  0%| F|  |TAMS 0x000000070f000000, 0x000000070f000000| Untracked 
| 213|0x000000070f100000, 0x000000070f100000, 0x000000070f200000|  0%| F|  |TAMS 0x000000070f100000, 0x000000070f100000| Untracked 
| 214|0x000000070f200000, 0x000000070f200000, 0x000000070f300000|  0%| F|  |TAMS 0x000000070f200000, 0x000000070f200000| Untracked 
| 215|0x000000070f300000, 0x000000070f300000, 0x000000070f400000|  0%| F|  |TAMS 0x000000070f300000, 0x000000070f300000| Untracked 
| 216|0x000000070f400000, 0x000000070f400000, 0x000000070f500000|  0%| F|  |TAMS 0x000000070f400000, 0x000000070f400000| Untracked 
| 217|0x000000070f500000, 0x000000070f500000, 0x000000070f600000|  0%| F|  |TAMS 0x000000070f500000, 0x000000070f500000| Untracked 
| 218|0x000000070f600000, 0x000000070f600000, 0x000000070f700000|  0%| F|  |TAMS 0x000000070f600000, 0x000000070f600000| Untracked 
| 219|0x000000070f700000, 0x000000070f700000, 0x000000070f800000|  0%| F|  |TAMS 0x000000070f700000, 0x000000070f700000| Untracked 
| 220|0x000000070f800000, 0x000000070f800000, 0x000000070f900000|  0%| F|  |TAMS 0x000000070f800000, 0x000000070f800000| Untracked 
| 221|0x000000070f900000, 0x000000070f900000, 0x000000070fa00000|  0%| F|  |TAMS 0x000000070f900000, 0x000000070f900000| Untracked 
| 222|0x000000070fa00000, 0x000000070fa00000, 0x000000070fb00000|  0%| F|  |TAMS 0x000000070fa00000, 0x000000070fa00000| Untracked 
| 223|0x000000070fb00000, 0x000000070fb00000, 0x000000070fc00000|  0%| F|  |TAMS 0x000000070fb00000, 0x000000070fb00000| Untracked 
| 224|0x000000070fc00000, 0x000000070fc00000, 0x000000070fd00000|  0%| F|  |TAMS 0x000000070fc00000, 0x000000070fc00000| Untracked 
| 225|0x000000070fd00000, 0x000000070fd00000, 0x000000070fe00000|  0%| F|  |TAMS 0x000000070fd00000, 0x000000070fd00000| Untracked 
| 226|0x000000070fe00000, 0x000000070fe00000, 0x000000070ff00000|  0%| F|  |TAMS 0x000000070fe00000, 0x000000070fe00000| Untracked 
| 227|0x000000070ff00000, 0x000000070ff00000, 0x0000000710000000|  0%| F|  |TAMS 0x000000070ff00000, 0x000000070ff00000| Untracked 
| 228|0x0000000710000000, 0x0000000710000000, 0x0000000710100000|  0%| F|  |TAMS 0x0000000710000000, 0x0000000710000000| Untracked 
| 229|0x0000000710100000, 0x0000000710100000, 0x0000000710200000|  0%| F|  |TAMS 0x0000000710100000, 0x0000000710100000| Untracked 
| 230|0x0000000710200000, 0x0000000710200000, 0x0000000710300000|  0%| F|  |TAMS 0x0000000710200000, 0x0000000710200000| Untracked 
| 231|0x0000000710300000, 0x0000000710300000, 0x0000000710400000|  0%| F|  |TAMS 0x0000000710300000, 0x0000000710300000| Untracked 
| 232|0x0000000710400000, 0x0000000710400000, 0x0000000710500000|  0%| F|  |TAMS 0x0000000710400000, 0x0000000710400000| Untracked 
| 233|0x0000000710500000, 0x0000000710500000, 0x0000000710600000|  0%| F|  |TAMS 0x0000000710500000, 0x0000000710500000| Untracked 
| 234|0x0000000710600000, 0x0000000710600000, 0x0000000710700000|  0%| F|  |TAMS 0x0000000710600000, 0x0000000710600000| Untracked 
| 235|0x0000000710700000, 0x0000000710700000, 0x0000000710800000|  0%| F|  |TAMS 0x0000000710700000, 0x0000000710700000| Untracked 
| 236|0x0000000710800000, 0x0000000710800000, 0x0000000710900000|  0%| F|  |TAMS 0x0000000710800000, 0x0000000710800000| Untracked 
| 237|0x0000000710900000, 0x0000000710900000, 0x0000000710a00000|  0%| F|  |TAMS 0x0000000710900000, 0x0000000710900000| Untracked 
| 238|0x0000000710a00000, 0x0000000710a00000, 0x0000000710b00000|  0%| F|  |TAMS 0x0000000710a00000, 0x0000000710a00000| Untracked 
| 239|0x0000000710b00000, 0x0000000710b00000, 0x0000000710c00000|  0%| F|  |TAMS 0x0000000710b00000, 0x0000000710b00000| Untracked 
| 240|0x0000000710c00000, 0x0000000710c00000, 0x0000000710d00000|  0%| F|  |TAMS 0x0000000710c00000, 0x0000000710c00000| Untracked 
| 241|0x0000000710d00000, 0x0000000710d00000, 0x0000000710e00000|  0%| F|  |TAMS 0x0000000710d00000, 0x0000000710d00000| Untracked 
| 242|0x0000000710e00000, 0x0000000710e00000, 0x0000000710f00000|  0%| F|  |TAMS 0x0000000710e00000, 0x0000000710e00000| Untracked 
| 243|0x0000000710f00000, 0x0000000710f00000, 0x0000000711000000|  0%| F|  |TAMS 0x0000000710f00000, 0x0000000710f00000| Untracked 
| 244|0x0000000711000000, 0x0000000711000000, 0x0000000711100000|  0%| F|  |TAMS 0x0000000711000000, 0x0000000711000000| Untracked 
| 245|0x0000000711100000, 0x0000000711100000, 0x0000000711200000|  0%| F|  |TAMS 0x0000000711100000, 0x0000000711100000| Untracked 
| 246|0x0000000711200000, 0x0000000711200000, 0x0000000711300000|  0%| F|  |TAMS 0x0000000711200000, 0x0000000711200000| Untracked 
| 247|0x0000000711300000, 0x0000000711300000, 0x0000000711400000|  0%| F|  |TAMS 0x0000000711300000, 0x0000000711300000| Untracked 
| 248|0x0000000711400000, 0x00000007114c6ed0, 0x0000000711500000| 77%| S|CS|TAMS 0x0000000711400000, 0x0000000711400000| Complete 
| 249|0x0000000711500000, 0x0000000711600000, 0x0000000711600000|100%| S|CS|TAMS 0x0000000711500000, 0x0000000711500000| Complete 
| 250|0x0000000711600000, 0x0000000711600000, 0x0000000711700000|  0%| F|  |TAMS 0x0000000711600000, 0x0000000711600000| Untracked 
| 251|0x0000000711700000, 0x0000000711700000, 0x0000000711800000|  0%| F|  |TAMS 0x0000000711700000, 0x0000000711700000| Untracked 
| 252|0x0000000711800000, 0x0000000711800000, 0x0000000711900000|  0%| F|  |TAMS 0x0000000711800000, 0x0000000711800000| Untracked 
| 253|0x0000000711900000, 0x0000000711900000, 0x0000000711a00000|  0%| F|  |TAMS 0x0000000711900000, 0x0000000711900000| Untracked 
| 254|0x0000000711a00000, 0x0000000711a00000, 0x0000000711b00000|  0%| F|  |TAMS 0x0000000711a00000, 0x0000000711a00000| Untracked 
| 255|0x0000000711b00000, 0x0000000711b00000, 0x0000000711c00000|  0%| F|  |TAMS 0x0000000711b00000, 0x0000000711b00000| Untracked 

Card table byte_map: [0x00000214c96e0000,0x00000214c9ee0000] _byte_map_base: 0x00000214c5ed2000

Marking Bits (Prev, Next): (CMBitMap*) 0x00000214b5e87aa8, (CMBitMap*) 0x00000214b5e87ae0
 Prev Bits: [0x00000214ca6e0000, 0x00000214ce670000)
 Next Bits: [0x00000214ce670000, 0x00000214d2600000)

Polling page: 0x00000214b3db0000

Metaspace:

Usage:
  Non-class:     13.74 MB capacity,    13.58 MB ( 99%) used,   130.38 KB ( <1%) free+waste,    38.00 KB ( <1%) overhead. 
      Class:      1.80 MB capacity,     1.64 MB ( 91%) used,   149.53 KB (  8%) free+waste,    18.94 KB (  1%) overhead. 
       Both:     15.54 MB capacity,    15.21 MB ( 98%) used,   279.91 KB (  2%) free+waste,    56.94 KB ( <1%) overhead. 

Virtual space:
  Non-class space:       22.00 MB reserved,      13.75 MB ( 63%) committed 
      Class space:        1.00 GB reserved,       1.88 MB ( <1%) committed 
             Both:        1.02 GB reserved,      15.63 MB (  1%) committed 

Chunk freelists:
   Non-Class:  8.00 KB
       Class:  13.00 KB
        Both:  21.00 KB

MaxMetaspaceSize: 17179869184.00 GB
CompressedClassSpaceSize: 1.00 GB

CodeHeap 'non-profiled nmethods': size=238912Kb used=2252Kb max_used=2252Kb free=236659Kb
 bounds [0x00000214ba590000, 0x00000214ba800000, 0x00000214c8ee0000]
CodeHeap 'non-nmethods': size=6848Kb used=1123Kb max_used=1123Kb free=5724Kb
 bounds [0x00000214b9ee0000, 0x00000214ba150000, 0x00000214ba590000]
 total_blobs=2154 nmethods=1451 adapters=357
 compilation: enabled
              stopped_count=0, restarted_count=0
 full_count=0

Compilation events (20 events):
Event: 1.682 Thread 0x00000214d5432000 1441       1       org.springframework.core.ResolvableType$DefaultVariableResolver::getSource (5 bytes)
Event: 1.682 Thread 0x00000214d5432000 nmethod 1441 0x00000214ba7beb10 code [0x00000214ba7becc0, 0x00000214ba7bedd8]
Event: 1.682 Thread 0x00000214d5432000 1442       1       java.security.SecureClassLoader::getProtectionDomain (38 bytes)
Event: 1.682 Thread 0x00000214d5432000 nmethod 1442 0x00000214ba7bee90 code [0x00000214ba7bf060, 0x00000214ba7bf410]
Event: 1.682 Thread 0x00000214d5432000 1443       1       java.security.SecureClassLoader$CodeSourceKey::<init> (10 bytes)
Event: 1.682 Thread 0x00000214d5432000 nmethod 1443 0x00000214ba7bf510 code [0x00000214ba7bf6c0, 0x00000214ba7bf838]
Event: 1.682 Thread 0x00000214d5432000 1444       1       java.security.SecureClassLoader$1::<init> (15 bytes)
Event: 1.682 Thread 0x00000214d5432000 nmethod 1444 0x00000214ba7bf890 code [0x00000214ba7bfa40, 0x00000214ba7bfbf8]
Event: 1.682 Thread 0x00000214d5432000 1445       1       java.security.SecureClassLoader$CodeSourceKey::hashCode (21 bytes)
Event: 1.683 Thread 0x00000214d5432000 nmethod 1445 0x00000214ba7bfc90 code [0x00000214ba7bfe40, 0x00000214ba7bffb0]
Event: 1.683 Thread 0x00000214d5432000 1446       1       java.lang.ClassLoader::defineClass (43 bytes)
Event: 1.683 Thread 0x00000214d5432000 nmethod 1446 0x00000214ba7c0090 code [0x00000214ba7c0280, 0x00000214ba7c0500]
Event: 1.683 Thread 0x00000214d5432000 1447       1       java.lang.ClassLoader::preDefineClass (116 bytes)
Event: 1.684 Thread 0x00000214d5432000 nmethod 1447 0x00000214ba7c0710 code [0x00000214ba7c09c0, 0x00000214ba7c1320]
Event: 1.684 Thread 0x00000214d5432000 1448   !   1       java.lang.ClassLoader::checkCerts (195 bytes)
Event: 1.684 Thread 0x00000214d5432000 nmethod 1448 0x00000214ba7c1790 code [0x00000214ba7c1a20, 0x00000214ba7c23b0]
Event: 1.684 Thread 0x00000214d5432000 1449       1       java.lang.ClassLoader::defineClassSourceLocation (28 bytes)
Event: 1.685 Thread 0x00000214d5432000 nmethod 1449 0x00000214ba7c2890 code [0x00000214ba7c2a60, 0x00000214ba7c2c10]
Event: 1.685 Thread 0x00000214d5432000 1451       1       java.lang.ClassLoader::getNamedPackage (73 bytes)
Event: 1.685 Thread 0x00000214d5432000 nmethod 1451 0x00000214ba7c2d10 code [0x00000214ba7c2ee0, 0x00000214ba7c31d0]

GC Heap History (6 events):
Event: 1.351 GC heap before
{Heap before GC invocations=0 (full 0):
 garbage-first heap   total 262144K, used 15360K [0x0000000701c00000, 0x0000000800000000)
  region size 1024K, 14 young (14336K), 0 survivors (0K)
 Metaspace       used 11523K, capacity 11850K, committed 12160K, reserved 1060864K
  class space    used 1205K, capacity 1334K, committed 1408K, reserved 1048576K
}
Event: 1.371 GC heap after
{Heap after GC invocations=1 (full 0):
 garbage-first heap   total 262144K, used 8938K [0x0000000701c00000, 0x0000000800000000)
  region size 1024K, 2 young (2048K), 2 survivors (2048K)
 Metaspace       used 11523K, capacity 11850K, committed 12160K, reserved 1060864K
  class space    used 1205K, capacity 1334K, committed 1408K, reserved 1048576K
}
Event: 1.583 GC heap before
{Heap before GC invocations=1 (full 0):
 garbage-first heap   total 262144K, used 20202K [0x0000000701c00000, 0x0000000800000000)
  region size 1024K, 13 young (13312K), 2 survivors (2048K)
 Metaspace       used 14285K, capacity 14637K, committed 14720K, reserved 1062912K
  class space    used 1504K, capacity 1625K, committed 1664K, reserved 1048576K
}
Event: 1.585 GC heap after
{Heap after GC invocations=2 (full 0):
 garbage-first heap   total 262144K, used 10495K [0x0000000701c00000, 0x0000000800000000)
  region size 1024K, 2 young (2048K), 2 survivors (2048K)
 Metaspace       used 14285K, capacity 14637K, committed 14720K, reserved 1062912K
  class space    used 1504K, capacity 1625K, committed 1664K, reserved 1048576K
}
Event: 1.712 GC heap before
{Heap before GC invocations=2 (full 0):
 garbage-first heap   total 262144K, used 15615K [0x0000000701c00000, 0x0000000800000000)
  region size 1024K, 8 young (8192K), 2 survivors (2048K)
 Metaspace       used 15578K, capacity 15915K, committed 16000K, reserved 1069056K
  class space    used 1674K, capacity 1843K, committed 1920K, reserved 1048576K
}
Event: 1.714 GC heap after
{Heap after GC invocations=3 (full 0):
 garbage-first heap   total 262144K, used 10896K [0x0000000701c00000, 0x0000000800000000)
  region size 1024K, 2 young (2048K), 2 survivors (2048K)
 Metaspace       used 15578K, capacity 15915K, committed 16000K, reserved 1069056K
  class space    used 1674K, capacity 1843K, committed 1920K, reserved 1048576K
}

Deoptimization events (0 events):
No events

Classes redefined (0 events):
No events

Internal exceptions (20 events):
Event: 0.724 Thread 0x00000214b5e20000 Exception <a 'java/lang/NoSuchMethodError'{0x0000000711128f58}: 'java.lang.Object java.lang.invoke.DirectMethodHandle$Holder.invokeStatic(java.lang.Object, java.lang.Object, java.lang.Object, java.lang.Object, java.lang.Object, java.lang.Object, java.lang
Event: 0.726 Thread 0x00000214b5e20000 Exception <a 'java/lang/NoSuchMethodError'{0x000000071114a2c8}: 'java.lang.Object java.lang.invoke.DirectMethodHandle$Holder.invokeStatic(java.lang.Object, java.lang.Object, java.lang.Object, java.lang.Object, java.lang.Object, java.lang.Object, java.lang
Event: 0.793 Thread 0x00000214b5e20000 Exception <a 'java/lang/NoSuchMethodError'{0x00000007110f15f0}: 'int java.lang.invoke.DirectMethodHandle$Holder.invokeSpecialIFC(java.lang.Object, java.lang.Object, java.lang.Object)'> (0x00000007110f15f0) thrown at [c:/BuildAgent/work/5ff2f6c26000d570/sr
Event: 0.814 Thread 0x00000214b5e20000 Exception <a 'java/lang/NoSuchMethodError'{0x0000000710f4fe98}: 'java.lang.Object java.lang.invoke.DirectMethodHandle$Holder.invokeStatic(java.lang.Object, int, int, int, int)'> (0x0000000710f4fe98) thrown at [c:/BuildAgent/work/5ff2f6c26000d570/src/hotsp
Event: 0.814 Thread 0x00000214b5e20000 Exception <a 'java/lang/NoSuchMethodError'{0x0000000710f52fc0}: 'java.lang.Object java.lang.invoke.DirectMethodHandle$Holder.invokeStaticInit(java.lang.Object, int, int, int, int)'> (0x0000000710f52fc0) thrown at [c:/BuildAgent/work/5ff2f6c26000d570/src/h
Event: 1.302 Thread 0x00000214b5e20000 Exception <a 'java/lang/NoSuchMethodError'{0x0000000710fcbb60}: 'java.lang.Object java.lang.invoke.DirectMethodHandle$Holder.invokeStatic(java.lang.Object, java.lang.Object, int, int, int, int)'> (0x0000000710fcbb60) thrown at [c:/BuildAgent/work/5ff2f6c2
Event: 1.302 Thread 0x00000214b5e20000 Exception <a 'java/lang/NoSuchMethodError'{0x0000000710fceeb8}: 'java.lang.Object java.lang.invoke.DirectMethodHandle$Holder.invokeStaticInit(java.lang.Object, java.lang.Object, int, int, int, int)'> (0x0000000710fceeb8) thrown at [c:/BuildAgent/work/5ff2
Event: 1.315 Thread 0x00000214b5e20000 Exception <a 'java/lang/ClassNotFoundException'{0x0000000710fef6c8}: javax/management/remote/rmi/RMIServerImpl_Skel> (0x0000000710fef6c8) thrown at [c:/BuildAgent/work/5ff2f6c26000d570/src/hotspot/share/classfile/systemDictionary.cpp, line 231]
Event: 1.403 Thread 0x00000214b5e20000 Exception <a 'java/lang/ClassNotFoundException'{0x0000000711983398}: javax/smartcardio/CardPermission> (0x0000000711983398) thrown at [c:/BuildAgent/work/5ff2f6c26000d570/src/hotspot/share/classfile/systemDictionary.cpp, line 231]
Event: 1.406 Thread 0x00000214b5e20000 Exception <a 'java/io/FileNotFoundException'{0x00000007119aee78}> (0x00000007119aee78) thrown at [c:/BuildAgent/work/5ff2f6c26000d570/src/hotspot/share/prims/jni.cpp, line 615]
Event: 1.501 Thread 0x00000214b5e20000 Exception <a 'java/lang/NoSuchMethodError'{0x000000071146c918}: 'int java.lang.invoke.DirectMethodHandle$Holder.invokeStaticInit(java.lang.Object, java.lang.Object)'> (0x000000071146c918) thrown at [c:/BuildAgent/work/5ff2f6c26000d570/src/hotspot/share/in
Event: 1.549 Thread 0x00000214b5e20000 Exception <a 'java/lang/NoSuchMethodError'{0x00000007112f43e0}: 'int java.lang.invoke.DirectMethodHandle$Holder.invokeStaticInit(java.lang.Object, java.lang.Object, java.lang.Object)'> (0x00000007112f43e0) thrown at [c:/BuildAgent/work/5ff2f6c26000d570/sr
Event: 1.558 Thread 0x00000214b5e20000 Exception <a 'java/lang/NoSuchMethodError'{0x0000000711124720}: 'java.lang.Object java.lang.invoke.DirectMethodHandle$Holder.invokeVirtual(java.lang.Object, java.lang.Object, java.lang.Object)'> (0x0000000711124720) thrown at [c:/BuildAgent/work/5ff2f6c26
Event: 1.564 Thread 0x00000214b5e20000 Exception <a 'java/lang/NoSuchMethodError'{0x000000071116add0}: 'void java.lang.invoke.DirectMethodHandle$Holder.invokeSpecial(java.lang.Object, java.lang.Object)'> (0x000000071116add0) thrown at [c:/BuildAgent/work/5ff2f6c26000d570/src/hotspot/share/inte
Event: 1.627 Thread 0x00000214b5e20000 Exception <a 'java/lang/NoSuchMethodError'{0x0000000711ae3af0}: 'java.lang.Object java.lang.invoke.DirectMethodHandle$Holder.invokeStatic(java.lang.Object, java.lang.Object, java.lang.Object, java.lang.Object, java.lang.Object, java.lang.Object, java.lang
Event: 1.628 Thread 0x00000214b5e20000 Exception <a 'java/lang/NoSuchMethodError'{0x0000000711af1a10}: 'java.lang.Object java.lang.invoke.DirectMethodHandle$Holder.invokeStatic(java.lang.Object, java.lang.Object, java.lang.Object, java.lang.Object, java.lang.Object, java.lang.Object, java.lang
Event: 1.628 Thread 0x00000214b5e20000 Exception <a 'java/lang/NoSuchMethodError'{0x0000000711aff928}: 'java.lang.Object java.lang.invoke.DirectMethodHandle$Holder.invokeSpecial(java.lang.Object, java.lang.Object, int, int, java.lang.Object, java.lang.Object, java.lang.Object, java.lang.Object
Event: 1.629 Thread 0x00000214b5e20000 Exception <a 'java/lang/NoSuchMethodError'{0x0000000711903768}: 'java.lang.Object java.lang.invoke.DelegatingMethodHandle$Holder.reinvoke_L(java.lang.Object, int, int, java.lang.Object, java.lang.Object, java.lang.Object, java.lang.Object)'> (0x0000000711
Event: 1.629 Thread 0x00000214b5e20000 Exception <a 'java/lang/NoSuchMethodError'{0x0000000711912120}: 'java.lang.Object java.lang.invoke.DirectMethodHandle$Holder.invokeStatic(java.lang.Object, java.lang.Object, java.lang.Object, java.lang.Object, java.lang.Object, java.lang.Object, int)'> (0
Event: 1.639 Thread 0x00000214b5e20000 Exception <a 'java/io/FileNotFoundException'{0x000000071199d2e0}> (0x000000071199d2e0) thrown at [c:/BuildAgent/work/5ff2f6c26000d570/src/hotspot/share/prims/jni.cpp, line 615]

Events (20 events):
Event: 1.679 loading class java/time/chrono/ChronoLocalDateTime done
Event: 1.679 loading class java/time/LocalDateTime done
Event: 1.679 loading class java/time/LocalDate
Event: 1.680 loading class java/time/chrono/ChronoLocalDate
Event: 1.680 loading class java/time/chrono/ChronoLocalDate done
Event: 1.680 loading class java/time/LocalDate done
Event: 1.680 loading class org/springframework/format/datetime/standard/DateTimeConverters$LocalDateTimeToLocalTimeConverter
Event: 1.680 loading class org/springframework/format/datetime/standard/DateTimeConverters$LocalDateTimeToLocalTimeConverter done
Event: 1.681 loading class java/time/LocalTime
Event: 1.681 loading class java/time/LocalTime done
Event: 1.681 loading class org/springframework/format/datetime/standard/DateTimeConverters$ZonedDateTimeToLocalDateConverter
Event: 1.681 loading class org/springframework/format/datetime/standard/DateTimeConverters$ZonedDateTimeToLocalDateConverter done
Event: 1.681 loading class org/springframework/format/datetime/standard/DateTimeConverters$ZonedDateTimeToLocalTimeConverter
Event: 1.681 loading class org/springframework/format/datetime/standard/DateTimeConverters$ZonedDateTimeToLocalTimeConverter done
Event: 1.682 loading class org/springframework/format/datetime/standard/DateTimeConverters$ZonedDateTimeToLocalDateTimeConverter
Event: 1.682 loading class org/springframework/format/datetime/standard/DateTimeConverters$ZonedDateTimeToLocalDateTimeConverter done
Event: 1.682 loading class org/springframework/format/datetime/standard/DateTimeConverters$ZonedDateTimeToOffsetDateTimeConverter
Event: 1.682 loading class org/springframework/format/datetime/standard/DateTimeConverters$ZonedDateTimeToOffsetDateTimeConverter done
Event: 1.682 loading class java/time/OffsetDateTime
Event: 1.711 Executing VM operation: CollectForMetadataAllocation


Dynamic libraries:
0x00007ff70c000000 - 0x00007ff70c00a000 	C:\Program Files\JetBrains\IntelliJ IDEA 2018.3.5\jbr\bin\java.exe
0x00007ffd97580000 - 0x00007ffd97770000 	C:\WINDOWS\SYSTEM32\ntdll.dll
0x00007ffd96b80000 - 0x00007ffd96c32000 	C:\WINDOWS\System32\KERNEL32.DLL
0x00007ffd94a20000 - 0x00007ffd94cc5000 	C:\WINDOWS\System32\KERNELBASE.dll
0x00007ffd94cd0000 - 0x00007ffd94dca000 	C:\WINDOWS\System32\ucrtbase.dll
0x00007ffd5f040000 - 0x00007ffd5f059000 	C:\Program Files\JetBrains\IntelliJ IDEA 2018.3.5\jbr\bin\jli.dll
0x00007ffd96940000 - 0x00007ffd96ad4000 	C:\WINDOWS\System32\USER32.dll
0x00007ffd945b0000 - 0x00007ffd945d1000 	C:\WINDOWS\System32\win32u.dll
0x00007ffd96cd0000 - 0x00007ffd96cf6000 	C:\WINDOWS\System32\GDI32.dll
0x00007ffd94680000 - 0x00007ffd94816000 	C:\WINDOWS\System32\gdi32full.dll
0x00007ffd945e0000 - 0x00007ffd9467e000 	C:\WINDOWS\System32\msvcp_win.dll
0x00007ffd57910000 - 0x00007ffd57927000 	C:\Program Files\JetBrains\IntelliJ IDEA 2018.3.5\jbr\bin\VCRUNTIME140.dll
0x00007ffd7fc10000 - 0x00007ffd7fe94000 	C:\WINDOWS\WinSxS\amd64_microsoft.windows.common-controls_6595b64144ccf1df_6.0.18362.1198_none_9e820b57e45ad92f\COMCTL32.dll
0x00007ffd97220000 - 0x00007ffd972be000 	C:\WINDOWS\System32\msvcrt.dll
0x00007ffd96020000 - 0x00007ffd96355000 	C:\WINDOWS\System32\combase.dll
0x00007ffd97090000 - 0x00007ffd971b0000 	C:\WINDOWS\System32\RPCRT4.dll
0x00007ffd94e00000 - 0x00007ffd94e80000 	C:\WINDOWS\System32\bcryptPrimitives.dll
0x00007ffd95840000 - 0x00007ffd9586e000 	C:\WINDOWS\System32\IMM32.DLL
0x00007ffd3f970000 - 0x00007ffd3fa0d000 	C:\Program Files\JetBrains\IntelliJ IDEA 2018.3.5\jbr\bin\msvcp140.dll
0x00007ffd28090000 - 0x00007ffd28b4d000 	C:\Program Files\JetBrains\IntelliJ IDEA 2018.3.5\jbr\bin\server\jvm.dll
0x00007ffd95f60000 - 0x00007ffd96003000 	C:\WINDOWS\System32\ADVAPI32.dll
0x00007ffd96ae0000 - 0x00007ffd96b77000 	C:\WINDOWS\System32\sechost.dll
0x00007ffd973f0000 - 0x00007ffd973f8000 	C:\WINDOWS\System32\PSAPI.DLL
0x00007ffd6d7f0000 - 0x00007ffd6d7f9000 	C:\WINDOWS\SYSTEM32\WSOCK32.dll
0x00007ffd971b0000 - 0x00007ffd9721f000 	C:\WINDOWS\System32\WS2_32.dll
0x00007ffd89e40000 - 0x00007ffd89e4a000 	C:\WINDOWS\SYSTEM32\VERSION.dll
0x00007ffd90c80000 - 0x00007ffd90ca4000 	C:\WINDOWS\SYSTEM32\WINMM.dll
0x00007ffd90c50000 - 0x00007ffd90c7d000 	C:\WINDOWS\SYSTEM32\WINMMBASE.dll
0x00007ffd94500000 - 0x00007ffd9454a000 	C:\WINDOWS\System32\cfgmgr32.dll
0x00007ffd94470000 - 0x00007ffd94481000 	C:\WINDOWS\System32\kernel.appcore.dll
0x00007ffd6ac60000 - 0x00007ffd6ac71000 	C:\Program Files\JetBrains\IntelliJ IDEA 2018.3.5\jbr\bin\verify.dll
0x00007ffd92cf0000 - 0x00007ffd92ee4000 	C:\WINDOWS\SYSTEM32\DBGHELP.DLL
0x00007ffd774f0000 - 0x00007ffd7751a000 	C:\WINDOWS\SYSTEM32\dbgcore.DLL
0x00007ffd63980000 - 0x00007ffd639a9000 	C:\Program Files\JetBrains\IntelliJ IDEA 2018.3.5\jbr\bin\java.dll
0x00007ffd904d0000 - 0x00007ffd904df000 	C:\Program Files\JetBrains\IntelliJ IDEA 2018.3.5\jbr\bin\instrument.dll
0x00007ffd60480000 - 0x00007ffd60498000 	C:\Program Files\JetBrains\IntelliJ IDEA 2018.3.5\jbr\bin\zip.dll
0x00007ffd6d710000 - 0x00007ffd6d71b000 	C:\Program Files\JetBrains\IntelliJ IDEA 2018.3.5\jbr\bin\jimage.dll
0x00007ffd95870000 - 0x00007ffd95f57000 	C:\WINDOWS\System32\SHELL32.dll
0x00007ffd96e30000 - 0x00007ffd96ed9000 	C:\WINDOWS\System32\shcore.dll
0x00007ffd94e80000 - 0x00007ffd95601000 	C:\WINDOWS\System32\windows.storage.dll
0x00007ffd94440000 - 0x00007ffd94463000 	C:\WINDOWS\System32\profapi.dll
0x00007ffd94490000 - 0x00007ffd944da000 	C:\WINDOWS\System32\powrprof.dll
0x00007ffd94430000 - 0x00007ffd94440000 	C:\WINDOWS\System32\UMPDC.dll
0x00007ffd96dd0000 - 0x00007ffd96e22000 	C:\WINDOWS\System32\shlwapi.dll
0x00007ffd95610000 - 0x00007ffd95627000 	C:\WINDOWS\System32\cryptsp.dll
0x00007ffd5fb60000 - 0x00007ffd5fb7a000 	C:\Program Files\JetBrains\IntelliJ IDEA 2018.3.5\jbr\bin\net.dll
0x00007ffd84ea0000 - 0x00007ffd84f90000 	C:\WINDOWS\SYSTEM32\WINHTTP.dll
0x00007ffd93c80000 - 0x00007ffd93ce7000 	C:\WINDOWS\system32\mswsock.dll
0x00007ffd5fb40000 - 0x00007ffd5fb54000 	C:\Program Files\JetBrains\IntelliJ IDEA 2018.3.5\jbr\bin\nio.dll
0x00007ffd789f0000 - 0x00007ffd78a0a000 	C:\Program Files\JetBrains\IntelliJ IDEA 2018.3.5\bin\breakgen64.dll
0x00007ffd939d0000 - 0x00007ffd93a9b000 	C:\WINDOWS\SYSTEM32\DNSAPI.dll
0x00007ffd96010000 - 0x00007ffd96018000 	C:\WINDOWS\System32\NSI.dll
0x00007ffd93990000 - 0x00007ffd939ca000 	C:\WINDOWS\SYSTEM32\IPHLPAPI.DLL
0x00007ffd8cf00000 - 0x00007ffd8cf0a000 	C:\Windows\System32\rasadhlp.dll
0x00007ffd8efc0000 - 0x00007ffd8f037000 	C:\WINDOWS\System32\fwpuclnt.dll
0x00007ffd94dd0000 - 0x00007ffd94df6000 	C:\WINDOWS\System32\bcrypt.dll
0x00007ffd6c020000 - 0x00007ffd6c02a000 	C:\Program Files\JetBrains\IntelliJ IDEA 2018.3.5\jbr\bin\management.dll
0x00007ffd6abd0000 - 0x00007ffd6abdc000 	C:\Program Files\JetBrains\IntelliJ IDEA 2018.3.5\jbr\bin\management_ext.dll
0x00007ffd93790000 - 0x00007ffd937c3000 	C:\WINDOWS\system32\rsaenh.dll
0x00007ffd94350000 - 0x00007ffd94375000 	C:\WINDOWS\SYSTEM32\USERENV.dll
0x00007ffd93e50000 - 0x00007ffd93e5c000 	C:\WINDOWS\SYSTEM32\CRYPTBASE.dll
0x00007ffd92360000 - 0x00007ffd92376000 	C:\WINDOWS\SYSTEM32\dhcpcsvc6.DLL
0x00007ffd92340000 - 0x00007ffd9235c000 	C:\WINDOWS\SYSTEM32\dhcpcsvc.DLL
0x00007ffd7e8a0000 - 0x00007ffd7e8b6000 	C:\WINDOWS\system32\napinsp.dll
0x00007ffd7e880000 - 0x00007ffd7e89a000 	C:\WINDOWS\system32\pnrpnsp.dll
0x00007ffd7e570000 - 0x00007ffd7e57e000 	C:\WINDOWS\System32\winrnr.dll
0x00007ffd902c0000 - 0x00007ffd902dc000 	C:\WINDOWS\system32\NLAapi.dll
0x00007ffd8f040000 - 0x00007ffd8f055000 	C:\WINDOWS\system32\wshbth.dll

dbghelp: loaded successfully - version: 4.0.5 - missing functions: none
symbol engine: initialized successfully - sym options: 0x614 - pdb path: .;C:\Program Files\JetBrains\IntelliJ IDEA 2018.3.5\jbr\bin;C:\WINDOWS\SYSTEM32;C:\WINDOWS\WinSxS\amd64_microsoft.windows.common-controls_6595b64144ccf1df_6.0.18362.1198_none_9e820b57e45ad92f;C:\Program Files\JetBrains\IntelliJ IDEA 2018.3.5\jbr\bin\server;C:\Program Files\JetBrains\IntelliJ IDEA 2018.3.5\bin

VM Arguments:
jvm_args: -XX:TieredStopAtLevel=1 -Xverify:none -Dspring.output.ansi.enabled=always -Dcom.sun.management.jmxremote -Dspring.jmx.enabled=true -Dspring.liveBeansView.mbeanDomain -Dspring.application.admin.enabled=true -javaagent:C:\Program Files\JetBrains\IntelliJ IDEA 2018.3.5\lib\idea_rt.jar=60531:C:\Program Files\JetBrains\IntelliJ IDEA 2018.3.5\bin -Dfile.encoding=UTF-8 
java_command: pl.project.ExchangeTradingTesterApplication
java_class_path (initial): E:\Java\Exchange-Trading-Automate\target\classes;E:\Java\Exchange-Trading-Automate\lib\classmate-1.5.1.jar;E:\Java\Exchange-Trading-Automate\lib\dom4j-2.1.1.jar;E:\Java\Exchange-Trading-Automate\lib\antlr-2.7.7.jar;E:\Java\Exchange-Trading-Automate\lib\byte-buddy-1.10.7.jar;E:\Java\Exchange-Trading-Automate\lib\hibernate-commons-annotations-5.1.0.Final.jar;E:\Java\Exchange-Trading-Automate\lib\FastInfoset-1.2.15.jar;E:\Java\Exchange-Trading-Automate\lib\istack-commons-runtime-3.0.7.jar;E:\Java\Exchange-Trading-Automate\lib\jandex-2.1.1.Final.jar;E:\Java\Exchange-Trading-Automate\lib\hibernate-core-5.4.11.Final.jar;E:\Java\Exchange-Trading-Automate\lib\javassist-3.24.0-GA.jar;E:\Java\Exchange-Trading-Automate\lib\javax.activation-api-1.2.0.jar;E:\Java\Exchange-Trading-Automate\lib\jaxb-api-2.3.1.jar;E:\Java\Exchange-Trading-Automate\lib\javax.persistence-api-2.2.jar;E:\Java\Exchange-Trading-Automate\lib\jboss-logging-3.3.2.Final.jar;E:\Java\Exchange-Trading-Automate\lib\jaxb-runtime-2.3.1.jar;E:\Java\Exchange-Trading-Automate\lib\jboss-transaction-api_1.2_spec-1.1.1.Final.jar;E:\Java\Exchange-Trading-Automate\lib\stax-ex-1.8.jar;E:\Java\Exchange-Trading-Automate\lib\txw2-2.3.1.jar;E:\Java\Exchange-Trading-Automate\lib\spring-aspects-5.2.3.RELEASE.jar;E:\Java\Exchange-Trading-Automate\lib\spring-context-support-5.2.3.RELEASE.jar;E:\Java\Exchange-Trading-Automate\lib\spring-aop-5.2.3.RELEASE.jar;E:\Java\Exchange-Trading-Automate\lib\spring-beans-5.2.3.RELEASE.jar;E:\Java\Exchange-Trading-Automate\lib\spring-context-5.2.3.RELEASE.jar;E:\Java\Exchange-Trading-Automate\lib\spring-instrument-5.2.3.RELEASE.jar;E:\Java\Exchange-Trading-Automate\lib\spring-expression-5.2.3.RELEASE.jar;E:\Java\Exchange-Trading-Automate\lib\spring-jdbc-5.2.3.RELEASE.jar;E:\Java\Exchange-Trading-Automate\lib\spring-core-5.2.3.RELEASE.jar;E:\Java\Exchange-Trading-Automate\lib\spring-messaging-5.2.3.RELEASE.jar;E:\Java\Exchange-Trading-Automate\lib\spring-jms-5.2.3.REL
Launcher Type: SUN_STANDARD

[Global flags]
     bool BytecodeVerificationLocal                = false                                     {product} {command line}
     bool BytecodeVerificationRemote               = false                                     {product} {command line}
     intx CICompilerCount                          = 3                                         {product} {ergonomic}
     uint ConcGCThreads                            = 1                                         {product} {ergonomic}
     uint G1ConcRefinementThreads                  = 4                                         {product} {ergonomic}
   size_t G1HeapRegionSize                         = 1048576                                   {product} {ergonomic}
    uintx GCDrainStackTargetSize                   = 64                                        {product} {ergonomic}
   size_t InitialHeapSize                          = 268435456                                 {product} {ergonomic}
     bool ManagementServer                         = true                                      {product} {command line}
   size_t MarkStackSize                            = 4194304                                   {product} {ergonomic}
   size_t MaxHeapSize                              = 4265607168                                {product} {ergonomic}
   size_t MaxNewSize                               = 2558525440                                {product} {ergonomic}
   size_t MinHeapDeltaBytes                        = 1048576                                   {product} {ergonomic}
    uintx NonNMethodCodeHeapSize                   = 6973028                                {pd product} {ergonomic}
    uintx NonProfiledCodeHeapSize                  = 244685212                              {pd product} {ergonomic}
    uintx ProfiledCodeHeapSize                     = 0                                      {pd product} {ergonomic}
    uintx ReservedCodeCacheSize                    = 251658240                              {pd product} {ergonomic}
     bool SegmentedCodeCache                       = true                                      {product} {ergonomic}
     intx TieredStopAtLevel                        = 1                                         {product} {command line}
     bool UseCompressedClassPointers               = true                                 {lp64_product} {ergonomic}
     bool UseCompressedOops                        = true                                 {lp64_product} {ergonomic}
     bool UseG1GC                                  = true                                      {product} {ergonomic}
     bool UseLargePagesIndividualAllocation        = false                                  {pd product} {ergonomic}

Logging:
Log output configuration:
 #0: stdout all=warning uptime,level,tags
 #1: stderr all=off uptime,level,tags

Environment Variables:
JAVA_HOME=C:\Program Files\Java\jdk-14.0.1\bin
PATH=C:\Program Files\Java\jdk-14.0.1\bin;C:\Program Files (x86)\Common Files\Oracle\Java\javapath;C:\Program Files (x86)\Razer Chroma SDK\bin;C:\Program Files\Razer Chroma SDK\bin;C:\Program Files (x86)\Razer\ChromaBroadcast\bin;C:\Program Files\Razer\ChromaBroadcast\bin;C:\Program Files (x86)\Intel\Intel(R) Management Engine Components\iCLS\;C:\Program Files\Intel\Intel(R) Management Engine Components\iCLS\;E:\Program Files (x86)\Borland\CBuilder6\Bin;E:\Program Files (x86)\Borland\CBuilder6\Projects\Bpl;C:\Program Files (x86)\NVIDIA Corporation\PhysX\Common;C:\Program Files\dotnet\;C:\Program Files\NVIDIA Corporation\NVIDIA NvDLISR;C:\Program Files (x86)\Intel\Intel(R) Management Engine Components\DAL;C:\Program Files\Intel\Intel(R) Management Engine Components\DAL;C:\Program Files (x86)\Intel\Intel(R) Management Engine Components\IPT;C:\Program Files\Intel\Intel(R) Management Engine Components\IPT;C:\Program Files\Intel\WiFi\bin\;C:\Program Files\Common Files\Intel\WirelessCommon\;C:\WINDOWS\system32;C:\WINDOWS;C:\WINDOWS\System32\Wbem;C:\WINDOWS\System32\WindowsPowerShell\v1.0\;C:\WINDOWS\System32\OpenSSH\;E:\Program Files\MATLAB\R2018b\bin;C:\Program Files\nodejs\;C:\Program Files\Git\cmd;C:\WINDOWS\system32\config\systemprofile\AppData\Local\Microsoft\WindowsApps;C:\Program Files\Java\jdk-11.0.2\bin;C:\Program Files\Intel\WiFi\bin\;C:\Program Files\Common Files\Intel\WirelessCommon\;C:\Users\kwasi\AppData\Local\Microsoft\WindowsApps;C:\Java_Maven\Maven\apache-maven-3.6.0-bin\apache-maven-3.6.0\bin;C:\Program Files\JetBrains\IntelliJ IDEA 2018.3.5\bin;C:\Program Files\heroku\bin;C:\Users\kwasi\AppData\Local\Programs\Microsoft VS Code\bin;C:\Users\kwasi\AppData\Roaming\npm;C:\Program Files\Docker Toolbox
USERNAME=Kwasek
OS=Windows_NT
PROCESSOR_IDENTIFIER=Intel64 Family 6 Model 158 Stepping 9, GenuineIntel



---------------  S Y S T E M  ---------------

OS: Windows 10 , 64 bit Build 18362 (10.0.18362.1110)

CPU:total 4 (initial active 4) (4 cores per cpu, 1 threads per core) family 6 model 158 stepping 9, cmov, cx8, fxsr, mmx, sse, sse2, sse3, ssse3, sse4.1, sse4.2, popcnt, avx, avx2, aes, clmul, erms, 3dnowpref, lzcnt, tsc, tscinvbit, bmi1, bmi2, adx, fma

Memory: 4k page, system-wide physical 16269M (4063M free)
TotalPageFile size 19769M (AvailPageFile size 4M)
current process WorkingSet (physical memory assigned to process): 88M, peak: 88M
current process commit charge ("private bytes"): 350M, peak: 351M

vm_info: OpenJDK 64-Bit Server VM (11.0.6+8-b520.43) for windows-amd64 JRE (11.0.6+8-b520.43), built on Feb  3 2020 14:18:56 by "" with MS VC++ 14.0 (VS2015)

END.
