#
# There is insufficient memory for the Java Runtime Environment to continue.
# Native memory allocation (mmap) failed to map 268435456 bytes for Failed to commit area from 0x0000000701c00000 to 0x0000000711c00000 of length 268435456.
# Possible reasons:
#   The system is out of physical RAM or swap space
#   The process is running with CompressedOops enabled, and the Java Heap may be blocking the growth of the native heap
# Possible solutions:
#   Reduce memory load on the system
#   Increase physical memory or swap space
#   Check if swap backing store is full
#   Decrease Java heap size (-Xmx/-Xms)
#   Decrease number of Java threads
#   Decrease Java thread stack sizes (-Xss)
#   Set larger code cache with -XX:ReservedCodeCacheSize=
# This output file may be truncated or incomplete.
#
#  Out of Memory Error (c:/BuildAgent/work/5ff2f6c26000d570/src/hotspot/os/windows/os_windows.cpp:3296), pid=4236, tid=12920
#
# JRE version:  (11.0.6+8) (build )
# Java VM: OpenJDK 64-Bit Server VM (11.0.6+8-b520.43, mixed mode, sharing, tiered, compressed oops, g1 gc, windows-amd64)
# No core dump will be written. Minidumps are not enabled by default on client versions of Windows
#

---------------  S U M M A R Y ------------

Command Line: -XX:TieredStopAtLevel=1 -Xverify:none -Dspring.output.ansi.enabled=always -Dcom.sun.management.jmxremote -Dspring.jmx.enabled=true -Dspring.liveBeansView.mbeanDomain -Dspring.application.admin.enabled=true -javaagent:C:\Program Files\JetBrains\IntelliJ IDEA 2018.3.5\lib\idea_rt.jar=54122:C:\Program Files\JetBrains\IntelliJ IDEA 2018.3.5\bin -Dfile.encoding=UTF-8 pl.project.ExchangeTradingTesterApplication

Host: Intel(R) Core(TM) i5-7300HQ CPU @ 2.50GHz, 4 cores, 15G,  Windows 10 , 64 bit Build 18362 (10.0.18362.1110)
Time: Wed Dec 30 16:09:56 2020 Central European Standard Time elapsed time: 0 seconds (0d 0h 0m 0s)

---------------  T H R E A D  ---------------

Current thread (0x0000022348a7f800):  JavaThread "Unknown thread" [_thread_in_vm, id=12920, stack(0x0000004081500000,0x0000004081600000)]

Stack: [0x0000004081500000,0x0000004081600000]
Native frames: (J=compiled Java code, j=interpreted, Vv=VM code, C=native code)
V  [jvm.dll+0x5de31a]
V  [jvm.dll+0x710ae5]
V  [jvm.dll+0x712005]
V  [jvm.dll+0x7126b3]
V  [jvm.dll+0x23e3a8]
V  [jvm.dll+0x5db814]
V  [jvm.dll+0x5d0a35]
V  [jvm.dll+0x2faeeb]
V  [jvm.dll+0x2fae5a]
V  [jvm.dll+0x2fad32]
V  [jvm.dll+0x2ffc06]
V  [jvm.dll+0x348483]
V  [jvm.dll+0x348b86]
V  [jvm.dll+0x348583]
V  [jvm.dll+0x2d57b8]
V  [jvm.dll+0x2d6957]
V  [jvm.dll+0x6ef8a7]
V  [jvm.dll+0x6f109c]
V  [jvm.dll+0x355a79]
V  [jvm.dll+0x6d49ee]
V  [jvm.dll+0x3bf0a3]
V  [jvm.dll+0x3c15c1]
C  [jli.dll+0x5363]
C  [ucrtbase.dll+0x210b2]
C  [KERNEL32.DLL+0x17c24]
C  [ntdll.dll+0x6d4d1]


---------------  P R O C E S S  ---------------

Threads class SMR info:
_java_thread_list=0x00000223469d2ca0, length=0, elements={
}

Java Threads: ( => current thread )

Other Threads:
  0x0000022348a9c000 GCTaskThread "GC Thread#0" [stack: 0x0000004081600000,0x0000004081700000] [id=10852]
  0x0000022348af7800 ConcurrentGCThread "G1 Main Marker" [stack: 0x0000004081700000,0x0000004081800000] [id=8888]
  0x0000022348afa000 ConcurrentGCThread "G1 Conc#0" [stack: 0x0000004081800000,0x0000004081900000] [id=6092]

[error occurred during error reporting (printing all threads), id 0xc0000005, EXCEPTION_ACCESS_VIOLATION (0xc0000005) at pc=0x00007ffb57fd6027]

VM state:not at safepoint (not fully initialized)

VM Mutex/Monitor currently owned by a thread:  ([mutex/lock_event])
[0x0000022348a7b290] Heap_lock - owner thread: 0x0000022348a7f800

Heap address: 0x0000000701c00000, size: 4068 MB, Compressed Oops mode: Non-zero based: 0x0000000701c00000
Narrow klass base: 0x0000000000000000, Narrow klass shift: 0

GC Heap History (0 events):
No events

Deoptimization events (0 events):
No events

Classes redefined (0 events):
No events

Internal exceptions (0 events):
No events

Events (2 events):
Event: 0.012 Loaded shared library C:\Program Files\JetBrains\IntelliJ IDEA 2018.3.5\jbr\bin\zip.dll
Event: 0.013 Loaded shared library C:\Program Files\JetBrains\IntelliJ IDEA 2018.3.5\jbr\bin\jimage.dll


Dynamic libraries:
0x00007ff6533f0000 - 0x00007ff6533fa000 	C:\Program Files\JetBrains\IntelliJ IDEA 2018.3.5\jbr\bin\java.exe
0x00007ffbc18c0000 - 0x00007ffbc1ab0000 	C:\WINDOWS\SYSTEM32\ntdll.dll
0x00007ffbc09f0000 - 0x00007ffbc0aa2000 	C:\WINDOWS\System32\KERNEL32.DLL
0x00007ffbbe830000 - 0x00007ffbbead5000 	C:\WINDOWS\System32\KERNELBASE.dll
0x00007ffbbeda0000 - 0x00007ffbbee9a000 	C:\WINDOWS\System32\ucrtbase.dll
0x00007ffba29d0000 - 0x00007ffba29e9000 	C:\Program Files\JetBrains\IntelliJ IDEA 2018.3.5\jbr\bin\jli.dll
0x00007ffbc1510000 - 0x00007ffbc16a4000 	C:\WINDOWS\System32\USER32.dll
0x00007ffbbeae0000 - 0x00007ffbbeb01000 	C:\WINDOWS\System32\win32u.dll
0x00007ffbc0560000 - 0x00007ffbc0586000 	C:\WINDOWS\System32\GDI32.dll
0x00007ffbbec00000 - 0x00007ffbbed96000 	C:\WINDOWS\System32\gdi32full.dll
0x00007ffbbeb60000 - 0x00007ffbbebfe000 	C:\WINDOWS\System32\msvcp_win.dll
0x00007ffbacf90000 - 0x00007ffbad214000 	C:\WINDOWS\WinSxS\amd64_microsoft.windows.common-controls_6595b64144ccf1df_6.0.18362.1256_none_9e7e379be45e40e2\COMCTL32.dll
0x00007ffbc0870000 - 0x00007ffbc090e000 	C:\WINDOWS\System32\msvcrt.dll
0x00007ffbbfc00000 - 0x00007ffbbff36000 	C:\WINDOWS\System32\combase.dll
0x00007ffbc03c0000 - 0x00007ffbc04e0000 	C:\WINDOWS\System32\RPCRT4.dll
0x00007ffbbf810000 - 0x00007ffbbf891000 	C:\WINDOWS\System32\bcryptPrimitives.dll
0x00007ffba27e0000 - 0x00007ffba27f7000 	C:\Program Files\JetBrains\IntelliJ IDEA 2018.3.5\jbr\bin\VCRUNTIME140.dll
0x00007ffbc0910000 - 0x00007ffbc093e000 	C:\WINDOWS\System32\IMM32.DLL
0x00007ffb701d0000 - 0x00007ffb7026d000 	C:\Program Files\JetBrains\IntelliJ IDEA 2018.3.5\jbr\bin\msvcp140.dll
0x00007ffb57cf0000 - 0x00007ffb587ad000 	C:\Program Files\JetBrains\IntelliJ IDEA 2018.3.5\jbr\bin\server\jvm.dll
0x00007ffbc13b0000 - 0x00007ffbc1453000 	C:\WINDOWS\System32\ADVAPI32.dll
0x00007ffbc07d0000 - 0x00007ffbc0867000 	C:\WINDOWS\System32\sechost.dll
0x00007ffbc07c0000 - 0x00007ffbc07c8000 	C:\WINDOWS\System32\PSAPI.DLL
0x00007ffba2900000 - 0x00007ffba2909000 	C:\WINDOWS\SYSTEM32\WSOCK32.dll
0x00007ffbc1810000 - 0x00007ffbc187f000 	C:\WINDOWS\System32\WS2_32.dll
0x00007ffbbaf40000 - 0x00007ffbbaf64000 	C:\WINDOWS\SYSTEM32\WINMM.dll
0x00007ffbb8c20000 - 0x00007ffbb8c2a000 	C:\WINDOWS\SYSTEM32\VERSION.dll
0x00007ffbbaee0000 - 0x00007ffbbaf0d000 	C:\WINDOWS\SYSTEM32\WINMMBASE.dll
0x00007ffbbeb10000 - 0x00007ffbbeb5a000 	C:\WINDOWS\System32\cfgmgr32.dll
0x00007ffbbe810000 - 0x00007ffbbe821000 	C:\WINDOWS\System32\kernel.appcore.dll
0x00007ffbb1e30000 - 0x00007ffbb1e41000 	C:\Program Files\JetBrains\IntelliJ IDEA 2018.3.5\jbr\bin\verify.dll
0x00007ffbbcff0000 - 0x00007ffbbd1e4000 	C:\WINDOWS\SYSTEM32\DBGHELP.DLL
0x00007ffba7570000 - 0x00007ffba759a000 	C:\WINDOWS\SYSTEM32\dbgcore.DLL
0x00007ffba0b90000 - 0x00007ffba0bb9000 	C:\Program Files\JetBrains\IntelliJ IDEA 2018.3.5\jbr\bin\java.dll
0x00007ffbb8ad0000 - 0x00007ffbb8adf000 	C:\Program Files\JetBrains\IntelliJ IDEA 2018.3.5\jbr\bin\instrument.dll
0x00007ffbb19b0000 - 0x00007ffbb19c8000 	C:\Program Files\JetBrains\IntelliJ IDEA 2018.3.5\jbr\bin\zip.dll
0x00007ffbb6f60000 - 0x00007ffbb6f6b000 	C:\Program Files\JetBrains\IntelliJ IDEA 2018.3.5\jbr\bin\jimage.dll

dbghelp: loaded successfully - version: 4.0.5 - missing functions: none
symbol engine: initialized successfully - sym options: 0x614 - pdb path: .;C:\Program Files\JetBrains\IntelliJ IDEA 2018.3.5\jbr\bin;C:\WINDOWS\SYSTEM32;C:\WINDOWS\WinSxS\amd64_microsoft.windows.common-controls_6595b64144ccf1df_6.0.18362.1256_none_9e7e379be45e40e2;C:\Program Files\JetBrains\IntelliJ IDEA 2018.3.5\jbr\bin\server

VM Arguments:
jvm_args: -XX:TieredStopAtLevel=1 -Xverify:none -Dspring.output.ansi.enabled=always -Dcom.sun.management.jmxremote -Dspring.jmx.enabled=true -Dspring.liveBeansView.mbeanDomain -Dspring.application.admin.enabled=true -javaagent:C:\Program Files\JetBrains\IntelliJ IDEA 2018.3.5\lib\idea_rt.jar=54122:C:\Program Files\JetBrains\IntelliJ IDEA 2018.3.5\bin -Dfile.encoding=UTF-8 
java_command: pl.project.ExchangeTradingTesterApplication
java_class_path (initial): E:\Java\Exchange-Trading-Tester\target\classes;E:\Java\Exchange-Trading-Tester\lib\classmate-1.5.1.jar;E:\Java\Exchange-Trading-Tester\lib\dom4j-2.1.1.jar;E:\Java\Exchange-Trading-Tester\lib\antlr-2.7.7.jar;E:\Java\Exchange-Trading-Tester\lib\byte-buddy-1.10.7.jar;E:\Java\Exchange-Trading-Tester\lib\hibernate-commons-annotations-5.1.0.Final.jar;E:\Java\Exchange-Trading-Tester\lib\FastInfoset-1.2.15.jar;E:\Java\Exchange-Trading-Tester\lib\istack-commons-runtime-3.0.7.jar;E:\Java\Exchange-Trading-Tester\lib\jandex-2.1.1.Final.jar;E:\Java\Exchange-Trading-Tester\lib\hibernate-core-5.4.11.Final.jar;E:\Java\Exchange-Trading-Tester\lib\javassist-3.24.0-GA.jar;E:\Java\Exchange-Trading-Tester\lib\javax.activation-api-1.2.0.jar;E:\Java\Exchange-Trading-Tester\lib\jaxb-api-2.3.1.jar;E:\Java\Exchange-Trading-Tester\lib\javax.persistence-api-2.2.jar;E:\Java\Exchange-Trading-Tester\lib\jboss-logging-3.3.2.Final.jar;E:\Java\Exchange-Trading-Tester\lib\jaxb-runtime-2.3.1.jar;E:\Java\Exchange-Trading-Tester\lib\jboss-transaction-api_1.2_spec-1.1.1.Final.jar;E:\Java\Exchange-Trading-Tester\lib\stax-ex-1.8.jar;E:\Java\Exchange-Trading-Tester\lib\txw2-2.3.1.jar;E:\Java\Exchange-Trading-Tester\lib\spring-aspects-5.2.3.RELEASE.jar;E:\Java\Exchange-Trading-Tester\lib\spring-context-support-5.2.3.RELEASE.jar;E:\Java\Exchange-Trading-Tester\lib\spring-aop-5.2.3.RELEASE.jar;E:\Java\Exchange-Trading-Tester\lib\spring-beans-5.2.3.RELEASE.jar;E:\Java\Exchange-Trading-Tester\lib\spring-context-5.2.3.RELEASE.jar;E:\Java\Exchange-Trading-Tester\lib\spring-instrument-5.2.3.RELEASE.jar;E:\Java\Exchange-Trading-Tester\lib\spring-expression-5.2.3.RELEASE.jar;E:\Java\Exchange-Trading-Tester\lib\spring-jdbc-5.2.3.RELEASE.jar;E:\Java\Exchange-Trading-Tester\lib\spring-core-5.2.3.RELEASE.jar;E:\Java\Exchange-Trading-Tester\lib\spring-messaging-5.2.3.RELEASE.jar;E:\Java\Exchange-Trading-Tester\lib\spring-jms-5.2.3.RELEASE.jar;E:\Java\Exchange-Trading-Tester\lib\spring-oxm-5.2.
Launcher Type: SUN_STANDARD

[Global flags]
     bool BytecodeVerificationLocal                = false                                     {product} {command line}
     bool BytecodeVerificationRemote               = false                                     {product} {command line}
     intx CICompilerCount                          = 3                                         {product} {ergonomic}
     uint ConcGCThreads                            = 1                                         {product} {ergonomic}
     uint G1ConcRefinementThreads                  = 4                                         {product} {ergonomic}
   size_t G1HeapRegionSize                         = 1048576                                   {product} {ergonomic}
    uintx GCDrainStackTargetSize                   = 64                                        {product} {ergonomic}
   size_t InitialHeapSize                          = 268435456                                 {product} {ergonomic}
     bool ManagementServer                         = true                                      {product} {command line}
   size_t MarkStackSize                            = 4194304                                   {product} {ergonomic}
   size_t MaxHeapSize                              = 4265607168                                {product} {ergonomic}
   size_t MinHeapDeltaBytes                        = 1048576                                   {product} {ergonomic}
    uintx NonNMethodCodeHeapSize                   = 6973028                                {pd product} {ergonomic}
    uintx NonProfiledCodeHeapSize                  = 244685212                              {pd product} {ergonomic}
    uintx ProfiledCodeHeapSize                     = 0                                      {pd product} {ergonomic}
    uintx ReservedCodeCacheSize                    = 251658240                              {pd product} {ergonomic}
     bool SegmentedCodeCache                       = true                                      {product} {ergonomic}
     intx TieredStopAtLevel                        = 1                                         {product} {command line}
     bool UseCompressedClassPointers               = true                                 {lp64_product} {ergonomic}
     bool UseCompressedOops                        = true                                 {lp64_product} {ergonomic}
     bool UseG1GC                                  = true                                      {product} {ergonomic}
     bool UseLargePagesIndividualAllocation        = false                                  {pd product} {ergonomic}

Logging:
Log output configuration:
 #0: stdout all=warning uptime,level,tags
 #1: stderr all=off uptime,level,tags

Environment Variables:
JAVA_HOME=C:\Program Files\Java\jdk-14.0.1\bin
PATH=C:\Program Files\Java\jdk-14.0.1\bin;C:\Program Files (x86)\Common Files\Oracle\Java\javapath;C:\Program Files (x86)\Razer Chroma SDK\bin;C:\Program Files\Razer Chroma SDK\bin;C:\Program Files (x86)\Razer\ChromaBroadcast\bin;C:\Program Files\Razer\ChromaBroadcast\bin;C:\Program Files (x86)\Intel\Intel(R) Management Engine Components\iCLS\;C:\Program Files\Intel\Intel(R) Management Engine Components\iCLS\;E:\Program Files (x86)\Borland\CBuilder6\Bin;E:\Program Files (x86)\Borland\CBuilder6\Projects\Bpl;C:\Program Files (x86)\NVIDIA Corporation\PhysX\Common;C:\Program Files\dotnet\;C:\Program Files\NVIDIA Corporation\NVIDIA NvDLISR;C:\Program Files (x86)\Intel\Intel(R) Management Engine Components\DAL;C:\Program Files\Intel\Intel(R) Management Engine Components\DAL;C:\Program Files (x86)\Intel\Intel(R) Management Engine Components\IPT;C:\Program Files\Intel\Intel(R) Management Engine Components\IPT;C:\Program Files\Intel\WiFi\bin\;C:\Program Files\Common Files\Intel\WirelessCommon\;C:\WINDOWS\system32;C:\WINDOWS;C:\WINDOWS\System32\Wbem;C:\WINDOWS\System32\WindowsPowerShell\v1.0\;C:\WINDOWS\System32\OpenSSH\;E:\Program Files\MATLAB\R2018b\bin;C:\Program Files\nodejs\;C:\Program Files\Git\cmd;C:\WINDOWS\system32\config\systemprofile\AppData\Local\Microsoft\WindowsApps;;C:\Program Files\Docker\Docker\resources\bin;C:\ProgramData\DockerDesktop\version-bin;C:\Program Files\Java\jdk-11.0.2\bin;C:\Program Files\Intel\WiFi\bin\;C:\Program Files\Common Files\Intel\WirelessCommon\;C:\Users\kwasi\AppData\Local\Microsoft\WindowsApps;C:\Java_Maven\Maven\apache-maven-3.6.0-bin\apache-maven-3.6.0\bin;C:\Program Files\JetBrains\IntelliJ IDEA 2018.3.5\bin;C:\Program Files\heroku\bin;C:\Users\kwasi\AppData\Local\Programs\Microsoft VS Code\bin;C:\Users\kwasi\AppData\Roaming\npm
USERNAME=Kwasek
OS=Windows_NT
PROCESSOR_IDENTIFIER=Intel64 Family 6 Model 158 Stepping 9, GenuineIntel



---------------  S Y S T E M  ---------------

OS: Windows 10 , 64 bit Build 18362 (10.0.18362.1110)
HyperV virtualization detected

CPU:total 4 (initial active 4) (4 cores per cpu, 1 threads per core) family 6 model 158 stepping 9, cmov, cx8, fxsr, mmx, sse, sse2, sse3, ssse3, sse4.1, sse4.2, popcnt, avx, avx2, aes, clmul, erms, 3dnowpref, lzcnt, tsc, tscinvbit, bmi1, bmi2, adx, fma

Memory: 4k page, system-wide physical 16269M (4192M free)
TotalPageFile size 19769M (AvailPageFile size 208M)
current process WorkingSet (physical memory assigned to process): 10M, peak: 10M
current process commit charge ("private bytes"): 49M, peak: 305M

vm_info: OpenJDK 64-Bit Server VM (11.0.6+8-b520.43) for windows-amd64 JRE (11.0.6+8-b520.43), built on Feb  3 2020 14:18:56 by "" with MS VC++ 14.0 (VS2015)

END.
