#
# There is insufficient memory for the Java Runtime Environment to continue.
# Native memory allocation (mmap) failed to map 268435456 bytes for Failed to commit area from 0x0000000701c00000 to 0x0000000711c00000 of length 268435456.
# Possible reasons:
#   The system is out of physical RAM or swap space
#   The process is running with CompressedOops enabled, and the Java Heap may be blocking the growth of the native heap
# Possible solutions:
#   Reduce memory load on the system
#   Increase physical memory or swap space
#   Check if swap backing store is full
#   Decrease Java heap size (-Xmx/-Xms)
#   Decrease number of Java threads
#   Decrease Java thread stack sizes (-Xss)
#   Set larger code cache with -XX:ReservedCodeCacheSize=
#   JVM is running with Zero Based Compressed Oops mode in which the Java heap is
#     placed in the first 32GB address space. The Java Heap base address is the
#     maximum limit for the native heap growth. Please use -XX:HeapBaseMinAddress
#     to set the Java Heap base and to place the Java Heap above 32GB virtual address.
# This output file may be truncated or incomplete.
#
#  Out of Memory Error (./open/src/hotspot/os/windows/os_windows.cpp:3315), pid=19548, tid=5748
#
# JRE version:  (14.0.1+7) (build )
# Java VM: Java HotSpot(TM) 64-Bit Server VM (14.0.1+7, mixed mode, sharing, tiered, compressed oops, g1 gc, windows-amd64)
# No core dump will be written. Minidumps are not enabled by default on client versions of Windows
#

---------------  S U M M A R Y ------------

Command Line: -Dmaven.multiModuleProjectDirectory=E:\Java\Exchange-Trading-Tester -Dmaven.home=C:\Program Files\JetBrains\IntelliJ IDEA 2018.3.5\plugins\maven\lib\maven3 -Dclassworlds.conf=C:\Program Files\JetBrains\IntelliJ IDEA 2018.3.5\plugins\maven\lib\maven3\bin\m2.conf -Dmaven.ext.class.path=C:\Program Files\JetBrains\IntelliJ IDEA 2018.3.5\plugins\maven\lib\maven-event-listener.jar -javaagent:C:\Program Files\JetBrains\IntelliJ IDEA 2018.3.5\lib\idea_rt.jar=55621:C:\Program Files\JetBrains\IntelliJ IDEA 2018.3.5\bin -Dfile.encoding=UTF-8 org.codehaus.classworlds.Launcher -Didea.version2019.3.4 clean

Host: Intel(R) Core(TM) i5-7300HQ CPU @ 2.50GHz, 4 cores, 15G,  Windows 10 , 64 bit Build 18362 (10.0.18362.1316)
Time: Sun Jan 24 17:46:21 2021 Central European Standard Time elapsed time: 0 seconds (0d 0h 0m 0s)

---------------  T H R E A D  ---------------

Current thread (0x000002748dc6f000):  JavaThread "Unknown thread" [_thread_in_vm, id=5748, stack(0x000000e1b9300000,0x000000e1b9400000)]

Stack: [0x000000e1b9300000,0x000000e1b9400000]
Native frames: (J=compiled Java code, j=interpreted, Vv=VM code, C=native code)
V  [jvm.dll+0x5f840a]
V  [jvm.dll+0x741e4a]
V  [jvm.dll+0x7435ff]
V  [jvm.dll+0x743c43]
V  [jvm.dll+0x20d288]
V  [jvm.dll+0x5f57ba]
V  [jvm.dll+0x5ea615]
V  [jvm.dll+0x2c7e9c]
V  [jvm.dll+0x2c7cd2]
V  [jvm.dll+0x2cdbbc]
V  [jvm.dll+0x313ff8]
V  [jvm.dll+0x313720]
V  [jvm.dll+0x2a092a]
V  [jvm.dll+0x2a1a79]
V  [jvm.dll+0x71f718]
V  [jvm.dll+0x321c44]
V  [jvm.dll+0x700b0c]
V  [jvm.dll+0x392dff]
V  [jvm.dll+0x394e71]
C  [jli.dll+0x523b]
C  [ucrtbase.dll+0x210b2]
C  [KERNEL32.DLL+0x17c24]
C  [ntdll.dll+0x6d4d1]


---------------  P R O C E S S  ---------------

Threads class SMR info:
_java_thread_list=0x00007ff881883078, length=0, elements={
}

Java Threads: ( => current thread )

Other Threads:
  0x000002748dcd7800 GCTaskThread "GC Thread#0" [stack: 0x000000e1b9400000,0x000000e1b9500000] [id=15220]
  0x000002748dcf9800 ConcurrentGCThread "G1 Main Marker" [stack: 0x000000e1b9500000,0x000000e1b9600000] [id=21944]
  0x000002748dcfb000 ConcurrentGCThread "G1 Conc#0" [stack: 0x000000e1b9600000,0x000000e1b9700000] [id=19832]

[error occurred during error reporting (printing all threads), id 0xc0000005, EXCEPTION_ACCESS_VIOLATION (0xc0000005) at pc=0x00007ff8810b1257]

VM state:not at safepoint (not fully initialized)

VM Mutex/Monitor currently owned by a thread:  ([mutex/lock_event])
[0x000002748dc69ea0] Heap_lock - owner thread: 0x000002748dc6f000

Heap address: 0x0000000701c00000, size: 4068 MB, Compressed Oops mode: Zero based, Oop shift amount: 3
Narrow klass base: 0x0000000000000000, Narrow klass shift: 0

GC Heap History (0 events):
No events

Deoptimization events (0 events):
No events

Classes unloaded (0 events):
No events

Classes redefined (0 events):
No events

Internal exceptions (0 events):
No events

Events (2 events):
Event: 0.010 Loaded shared library C:\Program Files\Java\jdk-14.0.1\bin\java.dll
Event: 0.011 Loaded shared library C:\Program Files\Java\jdk-14.0.1\bin\zip.dll


Dynamic libraries:
0x00007ff66f410000 - 0x00007ff66f41f000 	C:\Program Files\Java\jdk-14.0.1\bin\java.exe
0x00007ff8ee720000 - 0x00007ff8ee910000 	C:\WINDOWS\SYSTEM32\ntdll.dll
0x00007ff8ee620000 - 0x00007ff8ee6d2000 	C:\WINDOWS\System32\KERNEL32.DLL
0x00007ff8ec350000 - 0x00007ff8ec5f5000 	C:\WINDOWS\System32\KERNELBASE.dll
0x00007ff8ec110000 - 0x00007ff8ec20a000 	C:\WINDOWS\System32\ucrtbase.dll
0x00007ff8e5f00000 - 0x00007ff8e5f15000 	C:\Program Files\Java\jdk-14.0.1\bin\VCRUNTIME140.dll
0x00007ff8e5ee0000 - 0x00007ff8e5ef8000 	C:\Program Files\Java\jdk-14.0.1\bin\jli.dll
0x00007ff8ecc60000 - 0x00007ff8ecd03000 	C:\WINDOWS\System32\ADVAPI32.dll
0x00007ff8ee1b0000 - 0x00007ff8ee24e000 	C:\WINDOWS\System32\msvcrt.dll
0x00007ff8ee110000 - 0x00007ff8ee1a7000 	C:\WINDOWS\System32\sechost.dll
0x00007ff8ee4a0000 - 0x00007ff8ee5bf000 	C:\WINDOWS\System32\RPCRT4.dll
0x00007ff8ed810000 - 0x00007ff8ed9a4000 	C:\WINDOWS\System32\USER32.dll
0x00007ff8cfaa0000 - 0x00007ff8cfd24000 	C:\WINDOWS\WinSxS\amd64_microsoft.windows.common-controls_6595b64144ccf1df_6.0.18362.1316_none_9e7a364fe461dbd7\COMCTL32.dll
0x00007ff8ec6f0000 - 0x00007ff8ec711000 	C:\WINDOWS\System32\win32u.dll
0x00007ff8ec8b0000 - 0x00007ff8ecbe7000 	C:\WINDOWS\System32\combase.dll
0x00007ff8ed2d0000 - 0x00007ff8ed2f6000 	C:\WINDOWS\System32\GDI32.dll
0x00007ff8ec260000 - 0x00007ff8ec2e1000 	C:\WINDOWS\System32\bcryptPrimitives.dll
0x00007ff8ebe20000 - 0x00007ff8ebfb8000 	C:\WINDOWS\System32\gdi32full.dll
0x00007ff8ec650000 - 0x00007ff8ec6ee000 	C:\WINDOWS\System32\msvcp_win.dll
0x00007ff8e3170000 - 0x00007ff8e317a000 	C:\WINDOWS\SYSTEM32\VERSION.dll
0x00007ff8ee2c0000 - 0x00007ff8ee2ee000 	C:\WINDOWS\System32\IMM32.DLL
0x00007ff8e4820000 - 0x00007ff8e48bb000 	C:\Program Files\Java\jdk-14.0.1\bin\msvcp140.dll
0x00007ff880e00000 - 0x00007ff88191e000 	C:\Program Files\Java\jdk-14.0.1\bin\server\jvm.dll
0x00007ff8ed4c0000 - 0x00007ff8ed4c8000 	C:\WINDOWS\System32\PSAPI.DLL
0x00007ff8d3bb0000 - 0x00007ff8d3bb9000 	C:\WINDOWS\SYSTEM32\WSOCK32.dll
0x00007ff8e59a0000 - 0x00007ff8e59c4000 	C:\WINDOWS\SYSTEM32\WINMM.dll
0x00007ff8ee250000 - 0x00007ff8ee2bf000 	C:\WINDOWS\System32\WS2_32.dll
0x00007ff8e58e0000 - 0x00007ff8e590d000 	C:\WINDOWS\SYSTEM32\WINMMBASE.dll
0x00007ff8ec210000 - 0x00007ff8ec25a000 	C:\WINDOWS\System32\cfgmgr32.dll
0x00007ff8eb650000 - 0x00007ff8eb661000 	C:\WINDOWS\System32\kernel.appcore.dll
0x00007ff8e7350000 - 0x00007ff8e735a000 	C:\Program Files\Java\jdk-14.0.1\bin\jimage.dll
0x00007ff8e9e60000 - 0x00007ff8ea054000 	C:\WINDOWS\SYSTEM32\DBGHELP.DLL
0x00007ff8d0e10000 - 0x00007ff8d0e3a000 	C:\WINDOWS\SYSTEM32\dbgcore.DLL
0x00007ff8e4370000 - 0x00007ff8e437e000 	C:\Program Files\Java\jdk-14.0.1\bin\instrument.dll
0x00007ff8e52f0000 - 0x00007ff8e5315000 	C:\Program Files\Java\jdk-14.0.1\bin\java.dll
0x00007ff8e5e30000 - 0x00007ff8e5e46000 	C:\Program Files\Java\jdk-14.0.1\bin\zip.dll

dbghelp: loaded successfully - version: 4.0.5 - missing functions: none
symbol engine: initialized successfully - sym options: 0x614 - pdb path: .;C:\Program Files\Java\jdk-14.0.1\bin;C:\WINDOWS\SYSTEM32;C:\WINDOWS\WinSxS\amd64_microsoft.windows.common-controls_6595b64144ccf1df_6.0.18362.1316_none_9e7a364fe461dbd7;C:\Program Files\Java\jdk-14.0.1\bin\server

VM Arguments:
jvm_args: -Dmaven.multiModuleProjectDirectory=E:\Java\Exchange-Trading-Tester -Dmaven.home=C:\Program Files\JetBrains\IntelliJ IDEA 2018.3.5\plugins\maven\lib\maven3 -Dclassworlds.conf=C:\Program Files\JetBrains\IntelliJ IDEA 2018.3.5\plugins\maven\lib\maven3\bin\m2.conf -Dmaven.ext.class.path=C:\Program Files\JetBrains\IntelliJ IDEA 2018.3.5\plugins\maven\lib\maven-event-listener.jar -javaagent:C:\Program Files\JetBrains\IntelliJ IDEA 2018.3.5\lib\idea_rt.jar=55621:C:\Program Files\JetBrains\IntelliJ IDEA 2018.3.5\bin -Dfile.encoding=UTF-8 
java_command: org.codehaus.classworlds.Launcher -Didea.version2019.3.4 clean
java_class_path (initial): C:\Program Files\JetBrains\IntelliJ IDEA 2018.3.5\plugins\maven\lib\maven3\boot\plexus-classworlds-2.6.0.jar
Launcher Type: SUN_STANDARD

[Global flags]
     intx CICompilerCount                          = 3                                         {product} {ergonomic}
     uint ConcGCThreads                            = 1                                         {product} {ergonomic}
     uint G1ConcRefinementThreads                  = 4                                         {product} {ergonomic}
   size_t G1HeapRegionSize                         = 1048576                                   {product} {ergonomic}
    uintx GCDrainStackTargetSize                   = 64                                        {product} {ergonomic}
   size_t InitialHeapSize                          = 268435456                                 {product} {ergonomic}
   size_t MarkStackSize                            = 4194304                                   {product} {ergonomic}
   size_t MaxHeapSize                              = 4265607168                                {product} {ergonomic}
   size_t MinHeapDeltaBytes                        = 1048576                                   {product} {ergonomic}
   size_t MinHeapSize                              = 8388608                                   {product} {ergonomic}
    uintx NonNMethodCodeHeapSize                   = 5832780                                {pd product} {ergonomic}
    uintx NonProfiledCodeHeapSize                  = 122912730                              {pd product} {ergonomic}
    uintx ProfiledCodeHeapSize                     = 122912730                              {pd product} {ergonomic}
    uintx ReservedCodeCacheSize                    = 251658240                              {pd product} {ergonomic}
     bool SegmentedCodeCache                       = true                                      {product} {ergonomic}
   size_t SoftMaxHeapSize                          = 4265607168                             {manageable} {ergonomic}
     bool UseCompressedClassPointers               = true                                 {lp64_product} {ergonomic}
     bool UseCompressedOops                        = true                                 {lp64_product} {ergonomic}
     bool UseG1GC                                  = true                                      {product} {ergonomic}
     bool UseLargePagesIndividualAllocation        = false                                  {pd product} {ergonomic}

Logging:
Log output configuration:
 #0: stdout all=warning uptime,level,tags
 #1: stderr all=off uptime,level,tags

Environment Variables:
JAVA_HOME=C:\Program Files\Java\jdk-14.0.1\bin
PATH=C:\Program Files\Java\jdk-14.0.1\bin;C:\Program Files (x86)\Common Files\Oracle\Java\javapath;C:\Program Files (x86)\Razer Chroma SDK\bin;C:\Program Files\Razer Chroma SDK\bin;C:\Program Files (x86)\Razer\ChromaBroadcast\bin;C:\Program Files\Razer\ChromaBroadcast\bin;C:\Program Files (x86)\Intel\Intel(R) Management Engine Components\iCLS\;C:\Program Files\Intel\Intel(R) Management Engine Components\iCLS\;E:\Program Files (x86)\Borland\CBuilder6\Bin;E:\Program Files (x86)\Borland\CBuilder6\Projects\Bpl;C:\Program Files (x86)\NVIDIA Corporation\PhysX\Common;C:\Program Files\dotnet\;C:\Program Files\NVIDIA Corporation\NVIDIA NvDLISR;C:\Program Files (x86)\Intel\Intel(R) Management Engine Components\DAL;C:\Program Files\Intel\Intel(R) Management Engine Components\DAL;C:\Program Files (x86)\Intel\Intel(R) Management Engine Components\IPT;C:\Program Files\Intel\Intel(R) Management Engine Components\IPT;C:\Program Files\Intel\WiFi\bin\;C:\Program Files\Common Files\Intel\WirelessCommon\;C:\WINDOWS\system32;C:\WINDOWS;C:\WINDOWS\System32\Wbem;C:\WINDOWS\System32\WindowsPowerShell\v1.0\;C:\WINDOWS\System32\OpenSSH\;E:\Program Files\MATLAB\R2018b\bin;C:\Program Files\nodejs\;C:\Program Files\Git\cmd;C:\WINDOWS\system32\config\systemprofile\AppData\Local\Microsoft\WindowsApps;;C:\Program Files\Docker\Docker\resources\bin;C:\ProgramData\DockerDesktop\version-bin;C:\Program Files\Java\jdk-11.0.2\bin;C:\Program Files\Intel\WiFi\bin\;C:\Program Files\Common Files\Intel\WirelessCommon\;C:\Users\kwasi\AppData\Local\Microsoft\WindowsApps;C:\Java_Maven\Maven\apache-maven-3.6.0-bin\apache-maven-3.6.0\bin;C:\Program Files\JetBrains\IntelliJ IDEA 2018.3.5\bin;C:\Program Files\heroku\bin;C:\Users\kwasi\AppData\Local\Programs\Microsoft VS Code\bin;C:\Users\kwasi\AppData\Roaming\npm
USERNAME=Kwasek
OS=Windows_NT
PROCESSOR_IDENTIFIER=Intel64 Family 6 Model 158 Stepping 9, GenuineIntel



---------------  S Y S T E M  ---------------

OS: Windows 10 , 64 bit Build 18362 (10.0.18362.1316)
OS uptime: 0 days 7:14 hours
HyperV virtualization detected

CPU:total 4 (initial active 4) (4 cores per cpu, 1 threads per core) family 6 model 158 stepping 9, cmov, cx8, fxsr, mmx, sse, sse2, sse3, ssse3, sse4.1, sse4.2, popcnt, avx, avx2, aes, clmul, erms, 3dnowpref, lzcnt, tsc, tscinvbit, bmi1, bmi2, adx, fma

Memory: 4k page, system-wide physical 16269M (3593M free)
TotalPageFile size 19769M (AvailPageFile size 166M)
current process WorkingSet (physical memory assigned to process): 10M, peak: 10M
current process commit charge ("private bytes"): 52M, peak: 308M

vm_info: Java HotSpot(TM) 64-Bit Server VM (14.0.1+7) for windows-amd64 JRE (14.0.1+7), built on Mar  5 2020 10:30:14 by "mach5one" with MS VC++ 15.9 (VS2017)

END.
